2018-01-21 01:14:08,863 [Worker-18] INFO  o.e.m.c.i.l.LifecycleMappingFactory - Using org.eclipse.m2e.jdt.JarLifecycleMapping lifecycle mapping for MavenProject: com.example:demo:0.0.1-SNAPSHOT @ C:\Users\SP\projects\springbootdemo\demo\pom.xml.
2018-01-21 01:14:13,036 [Worker-8] INFO  o.e.m.c.i.l.LifecycleMappingFactory - Using org.eclipse.m2e.jdt.JarLifecycleMapping lifecycle mapping for MavenProject: com.example:demo:0.0.1-SNAPSHOT @ C:\Users\SP\projects\springbootdemo\demo\pom.xml.
2018-01-21 01:14:17,312 [Worker-8] INFO  o.e.m.c.i.embedder.EclipseLogger - Using 'UTF-8' encoding to copy filtered resources.
2018-01-21 01:14:17,405 [Worker-8] INFO  o.e.m.c.i.embedder.EclipseLogger - Copying 1 resource
2018-01-21 01:14:17,431 [Worker-8] INFO  o.e.m.c.i.embedder.EclipseLogger - Copying 2 resources
2018-01-21 01:14:17,461 [Worker-8] INFO  o.e.m.c.i.embedder.EclipseLogger - Using 'UTF-8' encoding to copy filtered resources.
2018-01-21 01:14:17,462 [Worker-8] INFO  o.e.m.c.i.embedder.EclipseLogger - skip non existing resourceDirectory C:\Users\SP\projects\springbootdemo\demo\src\test\resources
2018-01-21 01:14:22,407 [Worker-11] INFO  o.e.m.c.i.l.LifecycleMappingFactory - Using org.eclipse.m2e.jdt.JarLifecycleMapping lifecycle mapping for MavenProject: com.example:demo:0.0.1-SNAPSHOT @ C:\Users\SP\projects\springbootdemo\demo\pom.xml.
2018-01-21 01:14:23,155 [Worker-4] INFO  o.e.m.c.i.embedder.EclipseLogger - Using 'UTF-8' encoding to copy filtered resources.
2018-01-21 01:14:23,179 [Worker-4] INFO  o.e.m.c.i.embedder.EclipseLogger - Copying 1 resource
2018-01-21 01:14:23,261 [Worker-4] INFO  o.e.m.c.i.embedder.EclipseLogger - Copying 2 resources
2018-01-21 01:14:23,298 [Worker-4] INFO  o.e.m.c.i.embedder.EclipseLogger - Using 'UTF-8' encoding to copy filtered resources.
2018-01-21 01:14:23,299 [Worker-4] INFO  o.e.m.c.i.embedder.EclipseLogger - skip non existing resourceDirectory C:\Users\SP\projects\springbootdemo\demo\src\test\resources
2018-01-21 01:14:28,242 [Worker-4] INFO  o.e.m.c.i.embedder.EclipseLogger - Using 'UTF-8' encoding to copy filtered resources.
2018-01-21 01:14:28,249 [Worker-4] INFO  o.e.m.c.i.embedder.EclipseLogger - Copying 1 resource
2018-01-21 01:14:28,257 [Worker-4] INFO  o.e.m.c.i.embedder.EclipseLogger - Copying 2 resources
2018-01-21 01:14:28,264 [Worker-4] INFO  o.e.m.c.i.embedder.EclipseLogger - Using 'UTF-8' encoding to copy filtered resources.
2018-01-21 01:14:28,265 [Worker-4] INFO  o.e.m.c.i.embedder.EclipseLogger - skip non existing resourceDirectory C:\Users\SP\projects\springbootdemo\demo\src\test\resources
2018-01-21 18:15:57,574 [Worker-19] INFO  o.e.m.c.i.embedder.EclipseLogger - Using 'UTF-8' encoding to copy filtered resources.
2018-01-21 18:15:57,604 [Worker-19] INFO  o.e.m.c.i.embedder.EclipseLogger - Copying 1 resource
2018-01-21 18:15:57,629 [Worker-19] INFO  o.e.m.c.i.embedder.EclipseLogger - Copying 2 resources
2018-01-21 18:15:57,654 [Worker-19] INFO  o.e.m.c.i.embedder.EclipseLogger - Using 'UTF-8' encoding to copy filtered resources.
2018-01-21 18:15:57,656 [Worker-19] INFO  o.e.m.c.i.embedder.EclipseLogger - skip non existing resourceDirectory C:\Users\SP\projects\springbootdemo\demo\src\test\resources
2018-01-21 18:17:17,704 [Worker-25] INFO  o.e.m.c.i.embedder.EclipseLogger - Using 'UTF-8' encoding to copy filtered resources.
2018-01-21 18:17:17,719 [Worker-25] INFO  o.e.m.c.i.embedder.EclipseLogger - Copying 0 resource
2018-01-21 18:17:17,719 [Worker-25] INFO  o.e.m.c.i.embedder.EclipseLogger - Copying 1 resource
2018-01-21 18:17:17,735 [Worker-25] INFO  o.e.m.c.i.embedder.EclipseLogger - Using 'UTF-8' encoding to copy filtered resources.
2018-01-21 18:17:17,735 [Worker-25] INFO  o.e.m.c.i.embedder.EclipseLogger - skip non existing resourceDirectory C:\Users\SP\projects\springbootdemo\demo\src\test\resources
2018-01-21 18:18:07,173 [Worker-5] INFO  o.e.m.c.i.embedder.EclipseLogger - Using 'UTF-8' encoding to copy filtered resources.
2018-01-21 18:18:07,173 [Worker-5] INFO  o.e.m.c.i.embedder.EclipseLogger - Copying 0 resource
2018-01-21 18:18:07,173 [Worker-5] INFO  o.e.m.c.i.embedder.EclipseLogger - Copying 1 resource
2018-01-21 18:18:07,189 [Worker-5] INFO  o.e.m.c.i.embedder.EclipseLogger - Using 'UTF-8' encoding to copy filtered resources.
2018-01-21 18:18:07,204 [Worker-5] INFO  o.e.m.c.i.embedder.EclipseLogger - skip non existing resourceDirectory C:\Users\SP\projects\springbootdemo\demo\src\test\resources
2018-01-21 18:19:51,712 [Worker-22] INFO  o.e.m.c.i.embedder.EclipseLogger - Using 'UTF-8' encoding to copy filtered resources.
2018-01-21 18:19:51,712 [Worker-22] INFO  o.e.m.c.i.embedder.EclipseLogger - Copying 0 resource
2018-01-21 18:19:51,712 [Worker-22] INFO  o.e.m.c.i.embedder.EclipseLogger - Copying 1 resource
2018-01-21 18:19:51,728 [Worker-22] INFO  o.e.m.c.i.embedder.EclipseLogger - Using 'UTF-8' encoding to copy filtered resources.
2018-01-21 18:19:51,728 [Worker-22] INFO  o.e.m.c.i.embedder.EclipseLogger - skip non existing resourceDirectory C:\Users\SP\projects\springbootdemo\demo\src\test\resources
2018-01-21 18:21:04,689 [Worker-22] INFO  o.e.m.c.i.embedder.EclipseLogger - Using 'UTF-8' encoding to copy filtered resources.
2018-01-21 18:21:04,689 [Worker-22] INFO  o.e.m.c.i.embedder.EclipseLogger - Copying 0 resource
2018-01-21 18:21:04,689 [Worker-22] INFO  o.e.m.c.i.embedder.EclipseLogger - Copying 1 resource
2018-01-21 18:21:04,689 [Worker-22] INFO  o.e.m.c.i.embedder.EclipseLogger - Using 'UTF-8' encoding to copy filtered resources.
2018-01-21 18:21:04,689 [Worker-22] INFO  o.e.m.c.i.embedder.EclipseLogger - skip non existing resourceDirectory C:\Users\SP\projects\springbootdemo\demo\src\test\resources
2018-01-21 18:23:36,845 [Worker-5] INFO  o.e.m.c.i.embedder.EclipseLogger - Using 'UTF-8' encoding to copy filtered resources.
2018-01-21 18:23:36,845 [Worker-5] INFO  o.e.m.c.i.embedder.EclipseLogger - Copying 0 resource
2018-01-21 18:23:36,845 [Worker-5] INFO  o.e.m.c.i.embedder.EclipseLogger - Copying 1 resource
2018-01-21 18:23:36,861 [Worker-5] INFO  o.e.m.c.i.embedder.EclipseLogger - Using 'UTF-8' encoding to copy filtered resources.
2018-01-21 18:23:36,861 [Worker-5] INFO  o.e.m.c.i.embedder.EclipseLogger - skip non existing resourceDirectory C:\Users\SP\projects\springbootdemo\demo\src\test\resources
2018-01-21 18:24:59,656 [Worker-5] INFO  o.e.m.c.i.embedder.EclipseLogger - Using 'UTF-8' encoding to copy filtered resources.
2018-01-21 18:24:59,658 [Worker-5] INFO  o.e.m.c.i.embedder.EclipseLogger - Copying 0 resource
2018-01-21 18:24:59,663 [Worker-5] INFO  o.e.m.c.i.embedder.EclipseLogger - Copying 1 resource
2018-01-21 18:24:59,685 [Worker-5] INFO  o.e.m.c.i.embedder.EclipseLogger - Using 'UTF-8' encoding to copy filtered resources.
2018-01-21 18:24:59,686 [Worker-5] INFO  o.e.m.c.i.embedder.EclipseLogger - skip non existing resourceDirectory C:\Users\SP\projects\springbootdemo\demo\src\test\resources
2018-01-21 18:27:31,844 [Worker-28] INFO  o.e.m.c.i.embedder.EclipseLogger - Using 'UTF-8' encoding to copy filtered resources.
2018-01-21 18:27:31,847 [Worker-28] INFO  o.e.m.c.i.embedder.EclipseLogger - Copying 0 resource
2018-01-21 18:27:31,849 [Worker-28] INFO  o.e.m.c.i.embedder.EclipseLogger - Copying 1 resource
2018-01-21 18:27:31,876 [Worker-28] INFO  o.e.m.c.i.embedder.EclipseLogger - Using 'UTF-8' encoding to copy filtered resources.
2018-01-21 18:27:31,877 [Worker-28] INFO  o.e.m.c.i.embedder.EclipseLogger - skip non existing resourceDirectory C:\Users\SP\projects\springbootdemo\demo\src\test\resources
2018-01-21 18:29:45,512 [Worker-31] INFO  o.e.m.c.i.embedder.EclipseLogger - Using 'UTF-8' encoding to copy filtered resources.
2018-01-21 18:29:45,514 [Worker-31] INFO  o.e.m.c.i.embedder.EclipseLogger - Copying 0 resource
2018-01-21 18:29:45,517 [Worker-31] INFO  o.e.m.c.i.embedder.EclipseLogger - Copying 1 resource
2018-01-21 18:29:45,537 [Worker-31] INFO  o.e.m.c.i.embedder.EclipseLogger - Using 'UTF-8' encoding to copy filtered resources.
2018-01-21 18:29:45,538 [Worker-31] INFO  o.e.m.c.i.embedder.EclipseLogger - skip non existing resourceDirectory C:\Users\SP\projects\springbootdemo\demo\src\test\resources
2018-01-21 18:32:52,696 [Worker-33] INFO  o.e.m.c.i.embedder.EclipseLogger - Using 'UTF-8' encoding to copy filtered resources.
2018-01-21 18:32:52,698 [Worker-33] INFO  o.e.m.c.i.embedder.EclipseLogger - Copying 0 resource
2018-01-21 18:32:52,699 [Worker-33] INFO  o.e.m.c.i.embedder.EclipseLogger - Copying 1 resource
2018-01-21 18:32:52,717 [Worker-33] INFO  o.e.m.c.i.embedder.EclipseLogger - Using 'UTF-8' encoding to copy filtered resources.
2018-01-21 18:32:52,718 [Worker-33] INFO  o.e.m.c.i.embedder.EclipseLogger - skip non existing resourceDirectory C:\Users\SP\projects\springbootdemo\demo\src\test\resources
2018-01-21 18:42:10,298 [Worker-34] INFO  o.e.m.c.i.embedder.EclipseLogger - Using 'UTF-8' encoding to copy filtered resources.
2018-01-21 18:42:10,301 [Worker-34] INFO  o.e.m.c.i.embedder.EclipseLogger - Copying 0 resource
2018-01-21 18:42:10,303 [Worker-34] INFO  o.e.m.c.i.embedder.EclipseLogger - Copying 1 resource
2018-01-21 18:42:10,326 [Worker-34] INFO  o.e.m.c.i.embedder.EclipseLogger - Using 'UTF-8' encoding to copy filtered resources.
2018-01-21 18:42:10,327 [Worker-34] INFO  o.e.m.c.i.embedder.EclipseLogger - skip non existing resourceDirectory C:\Users\SP\projects\springbootdemo\demo\src\test\resources
2018-01-21 18:46:36,196 [Worker-44] INFO  o.e.m.c.i.embedder.EclipseLogger - Using 'UTF-8' encoding to copy filtered resources.
2018-01-21 18:46:36,198 [Worker-44] INFO  o.e.m.c.i.embedder.EclipseLogger - Copying 0 resource
2018-01-21 18:46:36,201 [Worker-44] INFO  o.e.m.c.i.embedder.EclipseLogger - Copying 1 resource
2018-01-21 18:46:36,223 [Worker-44] INFO  o.e.m.c.i.embedder.EclipseLogger - Using 'UTF-8' encoding to copy filtered resources.
2018-01-21 18:46:36,224 [Worker-44] INFO  o.e.m.c.i.embedder.EclipseLogger - skip non existing resourceDirectory C:\Users\SP\projects\springbootdemo\demo\src\test\resources
2018-01-21 19:09:23,355 [Worker-49] INFO  o.e.m.c.i.embedder.EclipseLogger - Using 'UTF-8' encoding to copy filtered resources.
2018-01-21 19:09:23,358 [Worker-49] INFO  o.e.m.c.i.embedder.EclipseLogger - Copying 0 resource
2018-01-21 19:09:23,361 [Worker-49] INFO  o.e.m.c.i.embedder.EclipseLogger - Copying 1 resource
2018-01-21 19:09:23,382 [Worker-49] INFO  o.e.m.c.i.embedder.EclipseLogger - Using 'UTF-8' encoding to copy filtered resources.
2018-01-21 19:09:23,383 [Worker-49] INFO  o.e.m.c.i.embedder.EclipseLogger - skip non existing resourceDirectory C:\Users\SP\projects\springbootdemo\demo\src\test\resources
2018-01-21 19:14:03,827 [Worker-47] INFO  o.e.m.c.i.embedder.EclipseLogger - Using 'UTF-8' encoding to copy filtered resources.
2018-01-21 19:14:03,830 [Worker-47] INFO  o.e.m.c.i.embedder.EclipseLogger - Copying 0 resource
2018-01-21 19:14:03,835 [Worker-47] INFO  o.e.m.c.i.embedder.EclipseLogger - Copying 1 resource
2018-01-21 19:14:03,861 [Worker-47] INFO  o.e.m.c.i.embedder.EclipseLogger - Using 'UTF-8' encoding to copy filtered resources.
2018-01-21 19:14:03,862 [Worker-47] INFO  o.e.m.c.i.embedder.EclipseLogger - skip non existing resourceDirectory C:\Users\SP\projects\springbootdemo\demo\src\test\resources
2018-01-21 19:16:17,821 [Worker-52] INFO  o.e.m.c.i.embedder.EclipseLogger - Using 'UTF-8' encoding to copy filtered resources.
2018-01-21 19:16:17,823 [Worker-52] INFO  o.e.m.c.i.embedder.EclipseLogger - Copying 0 resource
2018-01-21 19:16:17,825 [Worker-52] INFO  o.e.m.c.i.embedder.EclipseLogger - Copying 1 resource
2018-01-21 19:16:17,846 [Worker-52] INFO  o.e.m.c.i.embedder.EclipseLogger - Using 'UTF-8' encoding to copy filtered resources.
2018-01-21 19:16:17,848 [Worker-52] INFO  o.e.m.c.i.embedder.EclipseLogger - skip non existing resourceDirectory C:\Users\SP\projects\springbootdemo\demo\src\test\resources
2018-01-21 19:16:34,680 [Worker-54] INFO  o.e.m.c.i.embedder.EclipseLogger - Using 'UTF-8' encoding to copy filtered resources.
2018-01-21 19:16:34,680 [Worker-54] INFO  o.e.m.c.i.embedder.EclipseLogger - Copying 0 resource
2018-01-21 19:16:34,680 [Worker-54] INFO  o.e.m.c.i.embedder.EclipseLogger - Copying 1 resource
2018-01-21 19:16:34,711 [Worker-54] INFO  o.e.m.c.i.embedder.EclipseLogger - Using 'UTF-8' encoding to copy filtered resources.
2018-01-21 19:16:34,711 [Worker-54] INFO  o.e.m.c.i.embedder.EclipseLogger - skip non existing resourceDirectory C:\Users\SP\projects\springbootdemo\demo\src\test\resources
2018-01-21 19:19:29,318 [Worker-57] INFO  o.e.m.c.i.embedder.EclipseLogger - Using 'UTF-8' encoding to copy filtered resources.
2018-01-21 19:19:29,320 [Worker-57] INFO  o.e.m.c.i.embedder.EclipseLogger - Copying 0 resource
2018-01-21 19:19:29,322 [Worker-57] INFO  o.e.m.c.i.embedder.EclipseLogger - Copying 1 resource
2018-01-21 19:19:29,348 [Worker-57] INFO  o.e.m.c.i.embedder.EclipseLogger - Using 'UTF-8' encoding to copy filtered resources.
2018-01-21 19:19:29,349 [Worker-57] INFO  o.e.m.c.i.embedder.EclipseLogger - skip non existing resourceDirectory C:\Users\SP\projects\springbootdemo\demo\src\test\resources
2018-01-21 19:21:05,149 [Worker-52] INFO  o.e.m.c.i.embedder.EclipseLogger - Using 'UTF-8' encoding to copy filtered resources.
2018-01-21 19:21:05,151 [Worker-52] INFO  o.e.m.c.i.embedder.EclipseLogger - Copying 0 resource
2018-01-21 19:21:05,153 [Worker-52] INFO  o.e.m.c.i.embedder.EclipseLogger - Copying 1 resource
2018-01-21 19:21:05,175 [Worker-52] INFO  o.e.m.c.i.embedder.EclipseLogger - Using 'UTF-8' encoding to copy filtered resources.
2018-01-21 19:21:05,176 [Worker-52] INFO  o.e.m.c.i.embedder.EclipseLogger - skip non existing resourceDirectory C:\Users\SP\projects\springbootdemo\demo\src\test\resources
2018-01-21 19:21:22,185 [Worker-57] INFO  o.e.m.c.i.embedder.EclipseLogger - Using 'UTF-8' encoding to copy filtered resources.
2018-01-21 19:21:22,185 [Worker-57] INFO  o.e.m.c.i.embedder.EclipseLogger - Copying 0 resource
2018-01-21 19:21:22,185 [Worker-57] INFO  o.e.m.c.i.embedder.EclipseLogger - Copying 1 resource
2018-01-21 19:21:22,217 [Worker-57] INFO  o.e.m.c.i.embedder.EclipseLogger - Using 'UTF-8' encoding to copy filtered resources.
2018-01-21 19:21:22,217 [Worker-57] INFO  o.e.m.c.i.embedder.EclipseLogger - skip non existing resourceDirectory C:\Users\SP\projects\springbootdemo\demo\src\test\resources
2018-01-21 19:21:41,252 [Worker-57] INFO  o.e.m.c.i.embedder.EclipseLogger - Using 'UTF-8' encoding to copy filtered resources.
2018-01-21 19:21:41,252 [Worker-57] INFO  o.e.m.c.i.embedder.EclipseLogger - Copying 0 resource
2018-01-21 19:21:41,252 [Worker-57] INFO  o.e.m.c.i.embedder.EclipseLogger - Copying 1 resource
2018-01-21 19:21:41,283 [Worker-57] INFO  o.e.m.c.i.embedder.EclipseLogger - Using 'UTF-8' encoding to copy filtered resources.
2018-01-21 19:21:41,283 [Worker-57] INFO  o.e.m.c.i.embedder.EclipseLogger - skip non existing resourceDirectory C:\Users\SP\projects\springbootdemo\demo\src\test\resources
2018-01-21 19:23:46,518 [Worker-52] INFO  o.e.m.c.i.embedder.EclipseLogger - Using 'UTF-8' encoding to copy filtered resources.
2018-01-21 19:23:46,518 [Worker-52] INFO  o.e.m.c.i.embedder.EclipseLogger - Copying 0 resource
2018-01-21 19:23:46,533 [Worker-52] INFO  o.e.m.c.i.embedder.EclipseLogger - Copying 1 resource
2018-01-21 19:23:46,549 [Worker-52] INFO  o.e.m.c.i.embedder.EclipseLogger - Using 'UTF-8' encoding to copy filtered resources.
2018-01-21 19:23:46,549 [Worker-52] INFO  o.e.m.c.i.embedder.EclipseLogger - skip non existing resourceDirectory C:\Users\SP\projects\springbootdemo\demo\src\test\resources
2018-01-21 19:24:18,857 [Worker-64] INFO  o.e.m.c.i.embedder.EclipseLogger - Using 'UTF-8' encoding to copy filtered resources.
2018-01-21 19:24:18,873 [Worker-64] INFO  o.e.m.c.i.embedder.EclipseLogger - Copying 0 resource
2018-01-21 19:24:18,873 [Worker-64] INFO  o.e.m.c.i.embedder.EclipseLogger - Copying 1 resource
2018-01-21 19:24:18,889 [Worker-64] INFO  o.e.m.c.i.embedder.EclipseLogger - Using 'UTF-8' encoding to copy filtered resources.
2018-01-21 19:24:18,889 [Worker-64] INFO  o.e.m.c.i.embedder.EclipseLogger - skip non existing resourceDirectory C:\Users\SP\projects\springbootdemo\demo\src\test\resources
2018-01-21 19:39:53,070 [Worker-67] INFO  o.e.m.c.i.embedder.EclipseLogger - Using 'UTF-8' encoding to copy filtered resources.
2018-01-21 19:39:53,070 [Worker-67] INFO  o.e.m.c.i.embedder.EclipseLogger - Copying 0 resource
2018-01-21 19:39:53,074 [Worker-67] INFO  o.e.m.c.i.embedder.EclipseLogger - Copying 1 resource
2018-01-21 19:39:53,094 [Worker-67] INFO  o.e.m.c.i.embedder.EclipseLogger - Using 'UTF-8' encoding to copy filtered resources.
2018-01-21 19:39:53,094 [Worker-67] INFO  o.e.m.c.i.embedder.EclipseLogger - skip non existing resourceDirectory C:\Users\SP\projects\springbootdemo\demo\src\test\resources
2018-01-21 19:43:00,402 [Worker-69] INFO  o.e.m.c.i.embedder.EclipseLogger - Using 'UTF-8' encoding to copy filtered resources.
2018-01-21 19:43:00,402 [Worker-69] INFO  o.e.m.c.i.embedder.EclipseLogger - Copying 0 resource
2018-01-21 19:43:00,406 [Worker-69] INFO  o.e.m.c.i.embedder.EclipseLogger - Copying 1 resource
2018-01-21 19:43:00,426 [Worker-69] INFO  o.e.m.c.i.embedder.EclipseLogger - Using 'UTF-8' encoding to copy filtered resources.
2018-01-21 19:43:00,430 [Worker-69] INFO  o.e.m.c.i.embedder.EclipseLogger - skip non existing resourceDirectory C:\Users\SP\projects\springbootdemo\demo\src\test\resources
2018-01-21 19:43:26,197 [Worker-67] INFO  o.e.m.c.i.embedder.EclipseLogger - Using 'UTF-8' encoding to copy filtered resources.
2018-01-21 19:43:26,197 [Worker-67] INFO  o.e.m.c.i.embedder.EclipseLogger - Copying 0 resource
2018-01-21 19:43:26,197 [Worker-67] INFO  o.e.m.c.i.embedder.EclipseLogger - Copying 1 resource
2018-01-21 19:43:26,213 [Worker-67] INFO  o.e.m.c.i.embedder.EclipseLogger - Using 'UTF-8' encoding to copy filtered resources.
2018-01-21 19:43:26,213 [Worker-67] INFO  o.e.m.c.i.embedder.EclipseLogger - skip non existing resourceDirectory C:\Users\SP\projects\springbootdemo\demo\src\test\resources
2018-01-21 19:43:42,842 [Worker-67] INFO  o.e.m.c.i.embedder.EclipseLogger - Using 'UTF-8' encoding to copy filtered resources.
2018-01-21 19:43:42,842 [Worker-67] INFO  o.e.m.c.i.embedder.EclipseLogger - Copying 0 resource
2018-01-21 19:43:42,842 [Worker-67] INFO  o.e.m.c.i.embedder.EclipseLogger - Copying 1 resource
2018-01-21 19:43:42,858 [Worker-67] INFO  o.e.m.c.i.embedder.EclipseLogger - Using 'UTF-8' encoding to copy filtered resources.
2018-01-21 19:43:42,858 [Worker-67] INFO  o.e.m.c.i.embedder.EclipseLogger - skip non existing resourceDirectory C:\Users\SP\projects\springbootdemo\demo\src\test\resources
2018-01-21 19:47:49,726 [Worker-75] INFO  o.e.m.c.i.embedder.EclipseLogger - Using 'UTF-8' encoding to copy filtered resources.
2018-01-21 19:47:49,726 [Worker-75] INFO  o.e.m.c.i.embedder.EclipseLogger - Copying 0 resource
2018-01-21 19:47:49,741 [Worker-75] INFO  o.e.m.c.i.embedder.EclipseLogger - Copying 1 resource
2018-01-21 19:47:49,757 [Worker-75] INFO  o.e.m.c.i.embedder.EclipseLogger - Using 'UTF-8' encoding to copy filtered resources.
2018-01-21 19:47:49,757 [Worker-75] INFO  o.e.m.c.i.embedder.EclipseLogger - skip non existing resourceDirectory C:\Users\SP\projects\springbootdemo\demo\src\test\resources
2018-01-21 19:48:25,796 [Worker-70] INFO  o.e.m.c.i.embedder.EclipseLogger - Using 'UTF-8' encoding to copy filtered resources.
2018-01-21 19:48:25,796 [Worker-70] INFO  o.e.m.c.i.embedder.EclipseLogger - Copying 0 resource
2018-01-21 19:48:25,796 [Worker-70] INFO  o.e.m.c.i.embedder.EclipseLogger - Copying 1 resource
2018-01-21 19:48:25,812 [Worker-70] INFO  o.e.m.c.i.embedder.EclipseLogger - Using 'UTF-8' encoding to copy filtered resources.
2018-01-21 19:48:25,812 [Worker-70] INFO  o.e.m.c.i.embedder.EclipseLogger - skip non existing resourceDirectory C:\Users\SP\projects\springbootdemo\demo\src\test\resources
2018-01-21 19:49:02,287 [Worker-75] INFO  o.e.m.c.i.embedder.EclipseLogger - Using 'UTF-8' encoding to copy filtered resources.
2018-01-21 19:49:02,287 [Worker-75] INFO  o.e.m.c.i.embedder.EclipseLogger - Copying 0 resource
2018-01-21 19:49:02,287 [Worker-75] INFO  o.e.m.c.i.embedder.EclipseLogger - Copying 1 resource
2018-01-21 19:49:02,303 [Worker-75] INFO  o.e.m.c.i.embedder.EclipseLogger - Using 'UTF-8' encoding to copy filtered resources.
2018-01-21 19:49:02,303 [Worker-75] INFO  o.e.m.c.i.embedder.EclipseLogger - skip non existing resourceDirectory C:\Users\SP\projects\springbootdemo\demo\src\test\resources
2018-01-21 19:50:15,434 [Worker-73] INFO  o.e.m.c.i.embedder.EclipseLogger - Using 'UTF-8' encoding to copy filtered resources.
2018-01-21 19:50:15,434 [Worker-73] INFO  o.e.m.c.i.embedder.EclipseLogger - Copying 0 resource
2018-01-21 19:50:15,434 [Worker-73] INFO  o.e.m.c.i.embedder.EclipseLogger - Copying 1 resource
2018-01-21 19:50:15,450 [Worker-73] INFO  o.e.m.c.i.embedder.EclipseLogger - Using 'UTF-8' encoding to copy filtered resources.
2018-01-21 19:50:15,450 [Worker-73] INFO  o.e.m.c.i.embedder.EclipseLogger - skip non existing resourceDirectory C:\Users\SP\projects\springbootdemo\demo\src\test\resources
2018-01-21 19:50:50,302 [Worker-75] INFO  o.e.m.c.i.embedder.EclipseLogger - Using 'UTF-8' encoding to copy filtered resources.
2018-01-21 19:50:50,302 [Worker-75] INFO  o.e.m.c.i.embedder.EclipseLogger - Copying 0 resource
2018-01-21 19:50:50,302 [Worker-75] INFO  o.e.m.c.i.embedder.EclipseLogger - Copying 1 resource
2018-01-21 19:50:50,318 [Worker-75] INFO  o.e.m.c.i.embedder.EclipseLogger - Using 'UTF-8' encoding to copy filtered resources.
2018-01-21 19:50:50,318 [Worker-75] INFO  o.e.m.c.i.embedder.EclipseLogger - skip non existing resourceDirectory C:\Users\SP\projects\springbootdemo\demo\src\test\resources
2018-01-21 19:53:17,886 [Worker-75] INFO  o.e.m.c.i.embedder.EclipseLogger - Using 'UTF-8' encoding to copy filtered resources.
2018-01-21 19:53:17,886 [Worker-75] INFO  o.e.m.c.i.embedder.EclipseLogger - Copying 0 resource
2018-01-21 19:53:17,886 [Worker-75] INFO  o.e.m.c.i.embedder.EclipseLogger - Copying 1 resource
2018-01-21 19:53:17,918 [Worker-75] INFO  o.e.m.c.i.embedder.EclipseLogger - Using 'UTF-8' encoding to copy filtered resources.
2018-01-21 19:53:17,918 [Worker-75] INFO  o.e.m.c.i.embedder.EclipseLogger - skip non existing resourceDirectory C:\Users\SP\projects\springbootdemo\demo\src\test\resources
2018-01-21 19:53:41,228 [Worker-73] INFO  o.e.m.c.i.embedder.EclipseLogger - Using 'UTF-8' encoding to copy filtered resources.
2018-01-21 19:53:41,228 [Worker-73] INFO  o.e.m.c.i.embedder.EclipseLogger - Copying 0 resource
2018-01-21 19:53:41,228 [Worker-73] INFO  o.e.m.c.i.embedder.EclipseLogger - Copying 1 resource
2018-01-21 19:53:41,244 [Worker-73] INFO  o.e.m.c.i.embedder.EclipseLogger - Using 'UTF-8' encoding to copy filtered resources.
2018-01-21 19:53:41,244 [Worker-73] INFO  o.e.m.c.i.embedder.EclipseLogger - skip non existing resourceDirectory C:\Users\SP\projects\springbootdemo\demo\src\test\resources
2018-01-21 19:54:02,673 [Worker-75] INFO  o.e.m.c.i.embedder.EclipseLogger - Using 'UTF-8' encoding to copy filtered resources.
2018-01-21 19:54:02,673 [Worker-75] INFO  o.e.m.c.i.embedder.EclipseLogger - Copying 0 resource
2018-01-21 19:54:02,673 [Worker-75] INFO  o.e.m.c.i.embedder.EclipseLogger - Copying 1 resource
2018-01-21 19:54:02,688 [Worker-75] INFO  o.e.m.c.i.embedder.EclipseLogger - Using 'UTF-8' encoding to copy filtered resources.
2018-01-21 19:54:02,688 [Worker-75] INFO  o.e.m.c.i.embedder.EclipseLogger - skip non existing resourceDirectory C:\Users\SP\projects\springbootdemo\demo\src\test\resources
2018-01-21 19:54:06,438 [Worker-74] INFO  o.e.m.c.i.embedder.EclipseLogger - Using 'UTF-8' encoding to copy filtered resources.
2018-01-21 19:54:06,438 [Worker-74] INFO  o.e.m.c.i.embedder.EclipseLogger - Copying 0 resource
2018-01-21 19:54:06,438 [Worker-74] INFO  o.e.m.c.i.embedder.EclipseLogger - Copying 1 resource
2018-01-21 19:54:06,454 [Worker-74] INFO  o.e.m.c.i.embedder.EclipseLogger - Using 'UTF-8' encoding to copy filtered resources.
2018-01-21 19:54:06,454 [Worker-74] INFO  o.e.m.c.i.embedder.EclipseLogger - skip non existing resourceDirectory C:\Users\SP\projects\springbootdemo\demo\src\test\resources
2018-01-21 19:54:48,696 [Worker-76] INFO  o.e.m.c.i.embedder.EclipseLogger - Using 'UTF-8' encoding to copy filtered resources.
2018-01-21 19:54:48,700 [Worker-76] INFO  o.e.m.c.i.embedder.EclipseLogger - Copying 0 resource
2018-01-21 19:54:48,700 [Worker-76] INFO  o.e.m.c.i.embedder.EclipseLogger - Copying 1 resource
2018-01-21 19:54:48,716 [Worker-76] INFO  o.e.m.c.i.embedder.EclipseLogger - Using 'UTF-8' encoding to copy filtered resources.
2018-01-21 19:54:48,716 [Worker-76] INFO  o.e.m.c.i.embedder.EclipseLogger - skip non existing resourceDirectory C:\Users\SP\projects\springbootdemo\demo\src\test\resources
2018-01-21 19:58:06,381 [Worker-79] INFO  o.e.m.c.i.embedder.EclipseLogger - Using 'UTF-8' encoding to copy filtered resources.
2018-01-21 19:58:06,381 [Worker-79] INFO  o.e.m.c.i.embedder.EclipseLogger - Copying 0 resource
2018-01-21 19:58:06,381 [Worker-79] INFO  o.e.m.c.i.embedder.EclipseLogger - Copying 1 resource
2018-01-21 19:58:06,397 [Worker-79] INFO  o.e.m.c.i.embedder.EclipseLogger - Using 'UTF-8' encoding to copy filtered resources.
2018-01-21 19:58:06,412 [Worker-79] INFO  o.e.m.c.i.embedder.EclipseLogger - skip non existing resourceDirectory C:\Users\SP\projects\springbootdemo\demo\src\test\resources
2018-01-21 19:59:47,290 [Worker-75] INFO  o.e.m.c.i.embedder.EclipseLogger - Using 'UTF-8' encoding to copy filtered resources.
2018-01-21 19:59:47,290 [Worker-75] INFO  o.e.m.c.i.embedder.EclipseLogger - Copying 0 resource
2018-01-21 19:59:47,290 [Worker-75] INFO  o.e.m.c.i.embedder.EclipseLogger - Copying 1 resource
2018-01-21 19:59:47,306 [Worker-75] INFO  o.e.m.c.i.embedder.EclipseLogger - Using 'UTF-8' encoding to copy filtered resources.
2018-01-21 19:59:47,306 [Worker-75] INFO  o.e.m.c.i.embedder.EclipseLogger - skip non existing resourceDirectory C:\Users\SP\projects\springbootdemo\demo\src\test\resources
2018-01-21 19:59:54,952 [Worker-79] INFO  o.e.m.c.i.embedder.EclipseLogger - Using 'UTF-8' encoding to copy filtered resources.
2018-01-21 19:59:54,952 [Worker-79] INFO  o.e.m.c.i.embedder.EclipseLogger - Copying 0 resource
2018-01-21 19:59:54,952 [Worker-79] INFO  o.e.m.c.i.embedder.EclipseLogger - Copying 1 resource
2018-01-21 19:59:54,984 [Worker-79] INFO  o.e.m.c.i.embedder.EclipseLogger - Using 'UTF-8' encoding to copy filtered resources.
2018-01-21 19:59:54,984 [Worker-79] INFO  o.e.m.c.i.embedder.EclipseLogger - skip non existing resourceDirectory C:\Users\SP\projects\springbootdemo\demo\src\test\resources
2018-01-21 20:00:02,515 [Worker-80] INFO  o.e.m.c.i.embedder.EclipseLogger - Using 'UTF-8' encoding to copy filtered resources.
2018-01-21 20:00:02,515 [Worker-80] INFO  o.e.m.c.i.embedder.EclipseLogger - Copying 0 resource
2018-01-21 20:00:02,515 [Worker-80] INFO  o.e.m.c.i.embedder.EclipseLogger - Copying 1 resource
2018-01-21 20:00:02,530 [Worker-80] INFO  o.e.m.c.i.embedder.EclipseLogger - Using 'UTF-8' encoding to copy filtered resources.
2018-01-21 20:00:02,530 [Worker-80] INFO  o.e.m.c.i.embedder.EclipseLogger - skip non existing resourceDirectory C:\Users\SP\projects\springbootdemo\demo\src\test\resources
2018-01-21 20:03:43,450 [Worker-79] INFO  o.e.m.c.i.embedder.EclipseLogger - Using 'UTF-8' encoding to copy filtered resources.
2018-01-21 20:03:43,450 [Worker-79] INFO  o.e.m.c.i.embedder.EclipseLogger - Copying 0 resource
2018-01-21 20:03:43,450 [Worker-79] INFO  o.e.m.c.i.embedder.EclipseLogger - Copying 1 resource
2018-01-21 20:03:43,466 [Worker-79] INFO  o.e.m.c.i.embedder.EclipseLogger - Using 'UTF-8' encoding to copy filtered resources.
2018-01-21 20:03:43,466 [Worker-79] INFO  o.e.m.c.i.embedder.EclipseLogger - skip non existing resourceDirectory C:\Users\SP\projects\springbootdemo\demo\src\test\resources
2018-01-21 20:04:35,309 [Worker-79] INFO  o.e.m.c.i.embedder.EclipseLogger - Using 'UTF-8' encoding to copy filtered resources.
2018-01-21 20:04:35,309 [Worker-79] INFO  o.e.m.c.i.embedder.EclipseLogger - Copying 0 resource
2018-01-21 20:04:35,309 [Worker-79] INFO  o.e.m.c.i.embedder.EclipseLogger - Copying 1 resource
2018-01-21 20:04:35,324 [Worker-79] INFO  o.e.m.c.i.embedder.EclipseLogger - Using 'UTF-8' encoding to copy filtered resources.
2018-01-21 20:04:35,324 [Worker-79] INFO  o.e.m.c.i.embedder.EclipseLogger - skip non existing resourceDirectory C:\Users\SP\projects\springbootdemo\demo\src\test\resources
2018-01-21 20:04:42,621 [Worker-78] INFO  o.e.m.c.i.embedder.EclipseLogger - Using 'UTF-8' encoding to copy filtered resources.
2018-01-21 20:04:42,621 [Worker-78] INFO  o.e.m.c.i.embedder.EclipseLogger - Copying 0 resource
2018-01-21 20:04:42,621 [Worker-78] INFO  o.e.m.c.i.embedder.EclipseLogger - Copying 1 resource
2018-01-21 20:04:42,637 [Worker-78] INFO  o.e.m.c.i.embedder.EclipseLogger - Using 'UTF-8' encoding to copy filtered resources.
2018-01-21 20:04:42,652 [Worker-78] INFO  o.e.m.c.i.embedder.EclipseLogger - skip non existing resourceDirectory C:\Users\SP\projects\springbootdemo\demo\src\test\resources
2018-01-21 20:11:21,356 [Worker-84] INFO  o.e.m.c.i.embedder.EclipseLogger - Using 'UTF-8' encoding to copy filtered resources.
2018-01-21 20:11:21,372 [Worker-84] INFO  o.e.m.c.i.embedder.EclipseLogger - Copying 0 resource
2018-01-21 20:11:21,372 [Worker-84] INFO  o.e.m.c.i.embedder.EclipseLogger - Copying 1 resource
2018-01-21 20:11:21,388 [Worker-84] INFO  o.e.m.c.i.embedder.EclipseLogger - Using 'UTF-8' encoding to copy filtered resources.
2018-01-21 20:11:21,388 [Worker-84] INFO  o.e.m.c.i.embedder.EclipseLogger - skip non existing resourceDirectory C:\Users\SP\projects\springbootdemo\demo\src\test\resources
2018-01-21 20:12:59,023 [Worker-87] INFO  o.e.m.c.i.embedder.EclipseLogger - Using 'UTF-8' encoding to copy filtered resources.
2018-01-21 20:12:59,023 [Worker-87] INFO  o.e.m.c.i.embedder.EclipseLogger - Copying 0 resource
2018-01-21 20:12:59,023 [Worker-87] INFO  o.e.m.c.i.embedder.EclipseLogger - Copying 1 resource
2018-01-21 20:12:59,039 [Worker-87] INFO  o.e.m.c.i.embedder.EclipseLogger - Using 'UTF-8' encoding to copy filtered resources.
2018-01-21 20:12:59,039 [Worker-87] INFO  o.e.m.c.i.embedder.EclipseLogger - skip non existing resourceDirectory C:\Users\SP\projects\springbootdemo\demo\src\test\resources
2018-01-21 20:14:55,893 [Worker-87] INFO  o.e.m.c.i.embedder.EclipseLogger - Using 'UTF-8' encoding to copy filtered resources.
2018-01-21 20:14:55,893 [Worker-87] INFO  o.e.m.c.i.embedder.EclipseLogger - Copying 0 resource
2018-01-21 20:14:55,893 [Worker-87] INFO  o.e.m.c.i.embedder.EclipseLogger - Copying 1 resource
2018-01-21 20:14:55,924 [Worker-87] INFO  o.e.m.c.i.embedder.EclipseLogger - Using 'UTF-8' encoding to copy filtered resources.
2018-01-21 20:14:55,924 [Worker-87] INFO  o.e.m.c.i.embedder.EclipseLogger - skip non existing resourceDirectory C:\Users\SP\projects\springbootdemo\demo\src\test\resources
2018-01-21 20:15:18,125 [Worker-87] INFO  o.e.m.c.i.embedder.EclipseLogger - Using 'UTF-8' encoding to copy filtered resources.
2018-01-21 20:15:18,129 [Worker-87] INFO  o.e.m.c.i.embedder.EclipseLogger - Copying 0 resource
2018-01-21 20:15:18,129 [Worker-87] INFO  o.e.m.c.i.embedder.EclipseLogger - Copying 1 resource
2018-01-21 20:15:18,137 [Worker-87] INFO  o.e.m.c.i.embedder.EclipseLogger - Using 'UTF-8' encoding to copy filtered resources.
2018-01-21 20:15:18,137 [Worker-87] INFO  o.e.m.c.i.embedder.EclipseLogger - skip non existing resourceDirectory C:\Users\SP\projects\springbootdemo\demo\src\test\resources
2018-01-21 20:15:50,824 [Worker-87] INFO  o.e.m.c.i.embedder.EclipseLogger - Using 'UTF-8' encoding to copy filtered resources.
2018-01-21 20:15:50,824 [Worker-87] INFO  o.e.m.c.i.embedder.EclipseLogger - Copying 0 resource
2018-01-21 20:15:50,824 [Worker-87] INFO  o.e.m.c.i.embedder.EclipseLogger - Copying 1 resource
2018-01-21 20:15:50,839 [Worker-87] INFO  o.e.m.c.i.embedder.EclipseLogger - Using 'UTF-8' encoding to copy filtered resources.
2018-01-21 20:15:50,839 [Worker-87] INFO  o.e.m.c.i.embedder.EclipseLogger - skip non existing resourceDirectory C:\Users\SP\projects\springbootdemo\demo\src\test\resources
2018-01-21 20:16:35,118 [Worker-88] INFO  o.e.m.c.i.embedder.EclipseLogger - Using 'UTF-8' encoding to copy filtered resources.
2018-01-21 20:16:35,118 [Worker-88] INFO  o.e.m.c.i.embedder.EclipseLogger - Copying 0 resource
2018-01-21 20:16:35,118 [Worker-88] INFO  o.e.m.c.i.embedder.EclipseLogger - Copying 1 resource
2018-01-21 20:16:35,134 [Worker-88] INFO  o.e.m.c.i.embedder.EclipseLogger - Using 'UTF-8' encoding to copy filtered resources.
2018-01-21 20:16:35,134 [Worker-88] INFO  o.e.m.c.i.embedder.EclipseLogger - skip non existing resourceDirectory C:\Users\SP\projects\springbootdemo\demo\src\test\resources
2018-01-21 20:17:15,173 [Worker-85] INFO  o.e.m.c.i.embedder.EclipseLogger - Using 'UTF-8' encoding to copy filtered resources.
2018-01-21 20:17:15,173 [Worker-85] INFO  o.e.m.c.i.embedder.EclipseLogger - Copying 0 resource
2018-01-21 20:17:15,177 [Worker-85] INFO  o.e.m.c.i.embedder.EclipseLogger - Copying 1 resource
2018-01-21 20:17:15,197 [Worker-85] INFO  o.e.m.c.i.embedder.EclipseLogger - Using 'UTF-8' encoding to copy filtered resources.
2018-01-21 20:17:15,197 [Worker-85] INFO  o.e.m.c.i.embedder.EclipseLogger - skip non existing resourceDirectory C:\Users\SP\projects\springbootdemo\demo\src\test\resources
2018-01-21 20:18:22,546 [Worker-85] INFO  o.e.m.c.i.embedder.EclipseLogger - Using 'UTF-8' encoding to copy filtered resources.
2018-01-21 20:18:22,546 [Worker-85] INFO  o.e.m.c.i.embedder.EclipseLogger - Copying 0 resource
2018-01-21 20:18:22,546 [Worker-85] INFO  o.e.m.c.i.embedder.EclipseLogger - Copying 1 resource
2018-01-21 20:18:22,562 [Worker-85] INFO  o.e.m.c.i.embedder.EclipseLogger - Using 'UTF-8' encoding to copy filtered resources.
2018-01-21 20:18:22,578 [Worker-85] INFO  o.e.m.c.i.embedder.EclipseLogger - skip non existing resourceDirectory C:\Users\SP\projects\springbootdemo\demo\src\test\resources
2018-01-21 20:18:44,109 [Worker-85] INFO  o.e.m.c.i.embedder.EclipseLogger - Using 'UTF-8' encoding to copy filtered resources.
2018-01-21 20:18:44,109 [Worker-85] INFO  o.e.m.c.i.embedder.EclipseLogger - Copying 0 resource
2018-01-21 20:18:44,109 [Worker-85] INFO  o.e.m.c.i.embedder.EclipseLogger - Copying 1 resource
2018-01-21 20:18:44,124 [Worker-85] INFO  o.e.m.c.i.embedder.EclipseLogger - Using 'UTF-8' encoding to copy filtered resources.
2018-01-21 20:18:44,124 [Worker-85] INFO  o.e.m.c.i.embedder.EclipseLogger - skip non existing resourceDirectory C:\Users\SP\projects\springbootdemo\demo\src\test\resources
2018-01-21 20:19:16,091 [Worker-87] INFO  o.e.m.c.i.embedder.EclipseLogger - Using 'UTF-8' encoding to copy filtered resources.
2018-01-21 20:19:16,091 [Worker-87] INFO  o.e.m.c.i.embedder.EclipseLogger - Copying 0 resource
2018-01-21 20:19:16,091 [Worker-87] INFO  o.e.m.c.i.embedder.EclipseLogger - Copying 1 resource
2018-01-21 20:19:16,106 [Worker-87] INFO  o.e.m.c.i.embedder.EclipseLogger - Using 'UTF-8' encoding to copy filtered resources.
2018-01-21 20:19:16,106 [Worker-87] INFO  o.e.m.c.i.embedder.EclipseLogger - skip non existing resourceDirectory C:\Users\SP\projects\springbootdemo\demo\src\test\resources
2018-01-21 20:19:26,511 [Worker-88] INFO  o.e.m.c.i.embedder.EclipseLogger - Using 'UTF-8' encoding to copy filtered resources.
2018-01-21 20:19:26,511 [Worker-88] INFO  o.e.m.c.i.embedder.EclipseLogger - Copying 0 resource
2018-01-21 20:19:26,511 [Worker-88] INFO  o.e.m.c.i.embedder.EclipseLogger - Copying 1 resource
2018-01-21 20:19:26,527 [Worker-88] INFO  o.e.m.c.i.embedder.EclipseLogger - Using 'UTF-8' encoding to copy filtered resources.
2018-01-21 20:19:26,527 [Worker-88] INFO  o.e.m.c.i.embedder.EclipseLogger - skip non existing resourceDirectory C:\Users\SP\projects\springbootdemo\demo\src\test\resources
2018-01-21 20:19:34,467 [Worker-90] INFO  o.e.m.c.i.embedder.EclipseLogger - Using 'UTF-8' encoding to copy filtered resources.
2018-01-21 20:19:34,467 [Worker-90] INFO  o.e.m.c.i.embedder.EclipseLogger - Copying 0 resource
2018-01-21 20:19:34,467 [Worker-90] INFO  o.e.m.c.i.embedder.EclipseLogger - Copying 1 resource
2018-01-21 20:19:34,483 [Worker-90] INFO  o.e.m.c.i.embedder.EclipseLogger - Using 'UTF-8' encoding to copy filtered resources.
2018-01-21 20:19:34,483 [Worker-90] INFO  o.e.m.c.i.embedder.EclipseLogger - skip non existing resourceDirectory C:\Users\SP\projects\springbootdemo\demo\src\test\resources
2018-01-27 20:50:08,755 [Worker-16] INFO  o.e.m.c.i.embedder.EclipseLogger - Using 'UTF-8' encoding to copy filtered resources.
2018-01-27 20:50:08,771 [Worker-16] INFO  o.e.m.c.i.embedder.EclipseLogger - Copying 1 resource
2018-01-27 20:50:08,802 [Worker-16] INFO  o.e.m.c.i.embedder.EclipseLogger - Copying 4 resources
2018-01-27 20:50:08,880 [Worker-16] INFO  o.e.m.c.i.embedder.EclipseLogger - Using 'UTF-8' encoding to copy filtered resources.
2018-01-27 20:50:08,895 [Worker-16] INFO  o.e.m.c.i.embedder.EclipseLogger - skip non existing resourceDirectory C:\Users\SP\projects\springbootdemo\demo\src\test\resources
2018-01-27 20:54:18,225 [Worker-15] INFO  o.e.m.c.i.embedder.EclipseLogger - Using 'UTF-8' encoding to copy filtered resources.
2018-01-27 20:54:18,225 [Worker-15] INFO  o.e.m.c.i.embedder.EclipseLogger - Copying 0 resource
2018-01-27 20:54:18,225 [Worker-15] INFO  o.e.m.c.i.embedder.EclipseLogger - Copying 1 resource
2018-01-27 20:54:18,256 [Worker-15] INFO  o.e.m.c.i.embedder.EclipseLogger - Using 'UTF-8' encoding to copy filtered resources.
2018-01-27 20:54:18,256 [Worker-15] INFO  o.e.m.c.i.embedder.EclipseLogger - skip non existing resourceDirectory C:\Users\SP\projects\springbootdemo\demo\src\test\resources
2018-01-27 20:59:49,013 [Worker-22] INFO  o.e.m.c.i.embedder.EclipseLogger - Using 'UTF-8' encoding to copy filtered resources.
2018-01-27 20:59:49,013 [Worker-22] INFO  o.e.m.c.i.embedder.EclipseLogger - Copying 0 resource
2018-01-27 20:59:49,029 [Worker-22] INFO  o.e.m.c.i.embedder.EclipseLogger - Copying 1 resource
2018-01-27 20:59:49,044 [Worker-22] INFO  o.e.m.c.i.embedder.EclipseLogger - Using 'UTF-8' encoding to copy filtered resources.
2018-01-27 20:59:49,044 [Worker-22] INFO  o.e.m.c.i.embedder.EclipseLogger - skip non existing resourceDirectory C:\Users\SP\projects\springbootdemo\demo\src\test\resources
2018-01-27 21:02:08,493 [Worker-2] INFO  o.e.m.c.i.embedder.EclipseLogger - Using 'UTF-8' encoding to copy filtered resources.
2018-01-27 21:02:08,509 [Worker-2] INFO  o.e.m.c.i.embedder.EclipseLogger - Copying 0 resource
2018-01-27 21:02:08,509 [Worker-2] INFO  o.e.m.c.i.embedder.EclipseLogger - Copying 1 resource
2018-01-27 21:02:08,525 [Worker-2] INFO  o.e.m.c.i.embedder.EclipseLogger - Using 'UTF-8' encoding to copy filtered resources.
2018-01-27 21:02:08,525 [Worker-2] INFO  o.e.m.c.i.embedder.EclipseLogger - skip non existing resourceDirectory C:\Users\SP\projects\springbootdemo\demo\src\test\resources
2018-01-27 21:03:48,254 [Worker-23] INFO  o.e.m.c.i.embedder.EclipseLogger - Using 'UTF-8' encoding to copy filtered resources.
2018-01-27 21:03:48,256 [Worker-23] INFO  o.e.m.c.i.embedder.EclipseLogger - Copying 0 resource
2018-01-27 21:03:48,258 [Worker-23] INFO  o.e.m.c.i.embedder.EclipseLogger - Copying 1 resource
2018-01-27 21:03:48,278 [Worker-23] INFO  o.e.m.c.i.embedder.EclipseLogger - Using 'UTF-8' encoding to copy filtered resources.
2018-01-27 21:03:48,279 [Worker-23] INFO  o.e.m.c.i.embedder.EclipseLogger - skip non existing resourceDirectory C:\Users\SP\projects\springbootdemo\demo\src\test\resources
2018-01-27 21:04:42,766 [Worker-22] INFO  o.e.m.c.i.embedder.EclipseLogger - Using 'UTF-8' encoding to copy filtered resources.
2018-01-27 21:04:42,782 [Worker-22] INFO  o.e.m.c.i.embedder.EclipseLogger - Copying 1 resource
2018-01-27 21:04:42,800 [Worker-22] INFO  o.e.m.c.i.embedder.EclipseLogger - Copying 5 resources
2018-01-27 21:04:42,814 [Worker-22] INFO  o.e.m.c.i.embedder.EclipseLogger - Using 'UTF-8' encoding to copy filtered resources.
2018-01-27 21:04:42,814 [Worker-22] INFO  o.e.m.c.i.embedder.EclipseLogger - skip non existing resourceDirectory C:\Users\SP\projects\springbootdemo\demo\src\test\resources
2018-01-27 21:05:47,425 [Worker-25] INFO  o.e.m.c.i.embedder.EclipseLogger - Using 'UTF-8' encoding to copy filtered resources.
2018-01-27 21:05:47,427 [Worker-25] INFO  o.e.m.c.i.embedder.EclipseLogger - Copying 0 resource
2018-01-27 21:05:47,429 [Worker-25] INFO  o.e.m.c.i.embedder.EclipseLogger - Copying 1 resource
2018-01-27 21:05:47,454 [Worker-25] INFO  o.e.m.c.i.embedder.EclipseLogger - Using 'UTF-8' encoding to copy filtered resources.
2018-01-27 21:05:47,456 [Worker-25] INFO  o.e.m.c.i.embedder.EclipseLogger - skip non existing resourceDirectory C:\Users\SP\projects\springbootdemo\demo\src\test\resources
2018-01-27 21:19:07,288 [Worker-31] INFO  o.e.m.c.i.embedder.EclipseLogger - Using 'UTF-8' encoding to copy filtered resources.
2018-01-27 21:19:07,304 [Worker-31] INFO  o.e.m.c.i.embedder.EclipseLogger - Copying 1 resource
2018-01-27 21:19:07,320 [Worker-31] INFO  o.e.m.c.i.embedder.EclipseLogger - Copying 5 resources
2018-01-27 21:19:07,335 [Worker-31] INFO  o.e.m.c.i.embedder.EclipseLogger - Using 'UTF-8' encoding to copy filtered resources.
2018-01-27 21:19:07,335 [Worker-31] INFO  o.e.m.c.i.embedder.EclipseLogger - skip non existing resourceDirectory C:\Users\SP\projects\springbootdemo\demo\src\test\resources
2018-01-27 21:22:39,413 [Worker-32] INFO  o.e.m.c.i.embedder.EclipseLogger - Using 'UTF-8' encoding to copy filtered resources.
2018-01-27 21:22:39,429 [Worker-32] INFO  o.e.m.c.i.embedder.EclipseLogger - Copying 1 resource
2018-01-27 21:22:39,445 [Worker-32] INFO  o.e.m.c.i.embedder.EclipseLogger - Copying 5 resources
2018-01-27 21:22:39,460 [Worker-32] INFO  o.e.m.c.i.embedder.EclipseLogger - Using 'UTF-8' encoding to copy filtered resources.
2018-01-27 21:22:39,460 [Worker-32] INFO  o.e.m.c.i.embedder.EclipseLogger - skip non existing resourceDirectory C:\Users\SP\projects\springbootdemo\demo\src\test\resources
2018-01-27 21:22:55,664 [Worker-30] INFO  o.e.m.c.i.embedder.EclipseLogger - Using 'UTF-8' encoding to copy filtered resources.
2018-01-27 21:22:55,664 [Worker-30] INFO  o.e.m.c.i.embedder.EclipseLogger - Copying 1 resource
2018-01-27 21:22:55,679 [Worker-30] INFO  o.e.m.c.i.embedder.EclipseLogger - Copying 5 resources
2018-01-27 21:22:55,695 [Worker-30] INFO  o.e.m.c.i.embedder.EclipseLogger - Using 'UTF-8' encoding to copy filtered resources.
2018-01-27 21:22:55,695 [Worker-30] INFO  o.e.m.c.i.embedder.EclipseLogger - skip non existing resourceDirectory C:\Users\SP\projects\springbootdemo\demo\src\test\resources
2018-01-27 21:23:48,513 [Worker-30] INFO  o.e.m.c.i.embedder.EclipseLogger - Using 'UTF-8' encoding to copy filtered resources.
2018-01-27 21:23:48,529 [Worker-30] INFO  o.e.m.c.i.embedder.EclipseLogger - Copying 1 resource
2018-01-27 21:23:48,545 [Worker-30] INFO  o.e.m.c.i.embedder.EclipseLogger - Copying 5 resources
2018-01-27 21:23:48,560 [Worker-30] INFO  o.e.m.c.i.embedder.EclipseLogger - Using 'UTF-8' encoding to copy filtered resources.
2018-01-27 21:23:48,560 [Worker-30] INFO  o.e.m.c.i.embedder.EclipseLogger - skip non existing resourceDirectory C:\Users\SP\projects\springbootdemo\demo\src\test\resources
2018-01-27 21:24:04,576 [Worker-30] INFO  o.e.m.c.i.embedder.EclipseLogger - Using 'UTF-8' encoding to copy filtered resources.
2018-01-27 21:24:04,576 [Worker-30] INFO  o.e.m.c.i.embedder.EclipseLogger - Copying 1 resource
2018-01-27 21:24:04,591 [Worker-30] INFO  o.e.m.c.i.embedder.EclipseLogger - Copying 5 resources
2018-01-27 21:24:04,607 [Worker-30] INFO  o.e.m.c.i.embedder.EclipseLogger - Using 'UTF-8' encoding to copy filtered resources.
2018-01-27 21:24:04,607 [Worker-30] INFO  o.e.m.c.i.embedder.EclipseLogger - skip non existing resourceDirectory C:\Users\SP\projects\springbootdemo\demo\src\test\resources
2018-01-27 21:28:10,601 [Worker-15] INFO  o.e.m.c.i.embedder.EclipseLogger - Using 'UTF-8' encoding to copy filtered resources.
2018-01-27 21:28:10,607 [Worker-15] INFO  o.e.m.c.i.embedder.EclipseLogger - Copying 1 resource
2018-01-27 21:28:10,607 [Worker-15] INFO  o.e.m.c.i.embedder.EclipseLogger - Copying 5 resources
2018-01-27 21:28:10,627 [Worker-15] INFO  o.e.m.c.i.embedder.EclipseLogger - Using 'UTF-8' encoding to copy filtered resources.
2018-01-27 21:28:10,627 [Worker-15] INFO  o.e.m.c.i.embedder.EclipseLogger - skip non existing resourceDirectory C:\Users\SP\projects\springbootdemo\demo\src\test\resources
2018-01-27 21:36:43,773 [Worker-38] INFO  o.e.m.c.i.embedder.EclipseLogger - Using 'UTF-8' encoding to copy filtered resources.
2018-01-27 21:36:43,778 [Worker-38] INFO  o.e.m.c.i.embedder.EclipseLogger - Copying 1 resource
2018-01-27 21:36:43,794 [Worker-38] INFO  o.e.m.c.i.embedder.EclipseLogger - Copying 5 resources
2018-01-27 21:36:43,794 [Worker-38] INFO  o.e.m.c.i.embedder.EclipseLogger - Using 'UTF-8' encoding to copy filtered resources.
2018-01-27 21:36:43,809 [Worker-38] INFO  o.e.m.c.i.embedder.EclipseLogger - skip non existing resourceDirectory C:\Users\SP\projects\springbootdemo\demo\src\test\resources
2018-01-27 22:09:57,418 [Worker-51] INFO  o.e.m.c.i.embedder.EclipseLogger - Using 'UTF-8' encoding to copy filtered resources.
2018-01-27 22:09:57,418 [Worker-51] INFO  o.e.m.c.i.embedder.EclipseLogger - Copying 0 resource
2018-01-27 22:09:57,418 [Worker-51] INFO  o.e.m.c.i.embedder.EclipseLogger - Copying 0 resource
2018-01-27 22:09:57,434 [Worker-51] INFO  o.e.m.c.i.embedder.EclipseLogger - Using 'UTF-8' encoding to copy filtered resources.
2018-01-27 22:09:57,434 [Worker-51] INFO  o.e.m.c.i.embedder.EclipseLogger - skip non existing resourceDirectory C:\Users\SP\projects\springbootdemo\demo\src\test\resources
2018-01-27 22:10:32,024 [Worker-50] INFO  o.e.m.c.i.embedder.EclipseLogger - Using 'UTF-8' encoding to copy filtered resources.
2018-01-27 22:10:32,039 [Worker-50] INFO  o.e.m.c.i.embedder.EclipseLogger - Copying 1 resource
2018-01-27 22:10:32,055 [Worker-50] INFO  o.e.m.c.i.embedder.EclipseLogger - Copying 4 resources
2018-01-27 22:10:32,086 [Worker-50] INFO  o.e.m.c.i.embedder.EclipseLogger - Using 'UTF-8' encoding to copy filtered resources.
2018-01-27 22:10:32,086 [Worker-50] INFO  o.e.m.c.i.embedder.EclipseLogger - skip non existing resourceDirectory C:\Users\SP\projects\springbootdemo\demo\src\test\resources
2018-01-27 22:13:47,161 [Worker-54] INFO  o.e.m.c.i.embedder.EclipseLogger - Using 'UTF-8' encoding to copy filtered resources.
2018-01-27 22:13:47,173 [Worker-54] INFO  o.e.m.c.i.embedder.EclipseLogger - Copying 1 resource
2018-01-27 22:13:47,185 [Worker-54] INFO  o.e.m.c.i.embedder.EclipseLogger - Copying 4 resources
2018-01-27 22:13:47,241 [Worker-54] INFO  o.e.m.c.i.embedder.EclipseLogger - Using 'UTF-8' encoding to copy filtered resources.
2018-01-27 22:13:47,245 [Worker-54] INFO  o.e.m.c.i.embedder.EclipseLogger - skip non existing resourceDirectory C:\Users\SP\projects\springbootdemo\demo\src\test\resources
2018-01-27 22:16:03,874 [Worker-55] INFO  o.e.m.c.i.embedder.EclipseLogger - Using 'UTF-8' encoding to copy filtered resources.
2018-01-27 22:16:03,889 [Worker-55] INFO  o.e.m.c.i.embedder.EclipseLogger - Copying 1 resource
2018-01-27 22:16:03,889 [Worker-55] INFO  o.e.m.c.i.embedder.EclipseLogger - Copying 4 resources
2018-01-27 22:16:03,921 [Worker-55] INFO  o.e.m.c.i.embedder.EclipseLogger - Using 'UTF-8' encoding to copy filtered resources.
2018-01-27 22:16:03,921 [Worker-55] INFO  o.e.m.c.i.embedder.EclipseLogger - skip non existing resourceDirectory C:\Users\SP\projects\springbootdemo\demo\src\test\resources
2018-01-27 22:16:31,280 [Worker-51] INFO  o.e.m.c.i.embedder.EclipseLogger - Using 'UTF-8' encoding to copy filtered resources.
2018-01-27 22:16:31,280 [Worker-51] INFO  o.e.m.c.i.embedder.EclipseLogger - Copying 0 resource
2018-01-27 22:16:31,280 [Worker-51] INFO  o.e.m.c.i.embedder.EclipseLogger - Copying 1 resource
2018-01-27 22:16:31,296 [Worker-51] INFO  o.e.m.c.i.embedder.EclipseLogger - Using 'UTF-8' encoding to copy filtered resources.
2018-01-27 22:16:31,296 [Worker-51] INFO  o.e.m.c.i.embedder.EclipseLogger - skip non existing resourceDirectory C:\Users\SP\projects\springbootdemo\demo\src\test\resources
2018-01-27 22:19:15,839 [Worker-56] INFO  o.e.m.c.i.embedder.EclipseLogger - Using 'UTF-8' encoding to copy filtered resources.
2018-01-27 22:19:15,855 [Worker-56] INFO  o.e.m.c.i.embedder.EclipseLogger - Copying 1 resource
2018-01-27 22:19:15,870 [Worker-56] INFO  o.e.m.c.i.embedder.EclipseLogger - Copying 4 resources
2018-01-27 22:19:15,901 [Worker-56] INFO  o.e.m.c.i.embedder.EclipseLogger - Using 'UTF-8' encoding to copy filtered resources.
2018-01-27 22:19:15,901 [Worker-56] INFO  o.e.m.c.i.embedder.EclipseLogger - skip non existing resourceDirectory C:\Users\SP\projects\springbootdemo\demo\src\test\resources
2018-01-27 22:21:31,621 [Worker-57] INFO  o.e.m.c.i.embedder.EclipseLogger - Using 'UTF-8' encoding to copy filtered resources.
2018-01-27 22:21:31,636 [Worker-57] INFO  o.e.m.c.i.embedder.EclipseLogger - Copying 1 resource
2018-01-27 22:21:31,652 [Worker-57] INFO  o.e.m.c.i.embedder.EclipseLogger - Copying 4 resources
2018-01-27 22:21:31,668 [Worker-57] INFO  o.e.m.c.i.embedder.EclipseLogger - Using 'UTF-8' encoding to copy filtered resources.
2018-01-27 22:21:31,683 [Worker-57] INFO  o.e.m.c.i.embedder.EclipseLogger - skip non existing resourceDirectory C:\Users\SP\projects\springbootdemo\demo\src\test\resources
2018-01-27 22:25:40,203 [Worker-61] INFO  o.e.m.c.i.embedder.EclipseLogger - Using 'UTF-8' encoding to copy filtered resources.
2018-01-27 22:25:40,203 [Worker-61] INFO  o.e.m.c.i.embedder.EclipseLogger - Copying 1 resource
2018-01-27 22:25:40,219 [Worker-61] INFO  o.e.m.c.i.embedder.EclipseLogger - Copying 4 resources
2018-01-27 22:25:40,234 [Worker-61] INFO  o.e.m.c.i.embedder.EclipseLogger - Using 'UTF-8' encoding to copy filtered resources.
2018-01-27 22:25:40,234 [Worker-61] INFO  o.e.m.c.i.embedder.EclipseLogger - skip non existing resourceDirectory C:\Users\SP\projects\springbootdemo\demo\src\test\resources
2018-01-27 22:26:26,109 [Worker-50] INFO  o.e.m.c.i.embedder.EclipseLogger - Using 'UTF-8' encoding to copy filtered resources.
2018-01-27 22:26:26,124 [Worker-50] INFO  o.e.m.c.i.embedder.EclipseLogger - Copying 1 resource
2018-01-27 22:26:26,171 [Worker-50] INFO  o.e.m.c.i.embedder.EclipseLogger - Copying 4 resources
2018-01-27 22:26:26,249 [Worker-50] INFO  o.e.m.c.i.embedder.EclipseLogger - Using 'UTF-8' encoding to copy filtered resources.
2018-01-27 22:26:26,249 [Worker-50] INFO  o.e.m.c.i.embedder.EclipseLogger - skip non existing resourceDirectory C:\Users\SP\projects\springbootdemo\demo\src\test\resources
2018-01-27 22:30:29,883 [Worker-67] INFO  o.e.m.c.i.embedder.EclipseLogger - Using 'UTF-8' encoding to copy filtered resources.
2018-01-27 22:30:29,899 [Worker-67] INFO  o.e.m.c.i.embedder.EclipseLogger - Copying 1 resource
2018-01-27 22:30:29,914 [Worker-67] INFO  o.e.m.c.i.embedder.EclipseLogger - Copying 4 resources
2018-01-27 22:30:29,914 [Worker-67] INFO  o.e.m.c.i.embedder.EclipseLogger - Using 'UTF-8' encoding to copy filtered resources.
2018-01-27 22:30:29,914 [Worker-67] INFO  o.e.m.c.i.embedder.EclipseLogger - skip non existing resourceDirectory C:\Users\SP\projects\springbootdemo\demo\src\test\resources
2018-01-27 22:34:05,718 [Worker-67] INFO  o.e.m.c.i.embedder.EclipseLogger - Using 'UTF-8' encoding to copy filtered resources.
2018-01-27 22:34:05,733 [Worker-67] INFO  o.e.m.c.i.embedder.EclipseLogger - Copying 1 resource
2018-01-27 22:34:05,749 [Worker-67] INFO  o.e.m.c.i.embedder.EclipseLogger - Copying 4 resources
2018-01-27 22:34:05,749 [Worker-67] INFO  o.e.m.c.i.embedder.EclipseLogger - Using 'UTF-8' encoding to copy filtered resources.
2018-01-27 22:34:05,749 [Worker-67] INFO  o.e.m.c.i.embedder.EclipseLogger - skip non existing resourceDirectory C:\Users\SP\projects\springbootdemo\demo\src\test\resources
2018-01-27 22:37:38,311 [Worker-71] INFO  o.e.m.c.i.embedder.EclipseLogger - Using 'UTF-8' encoding to copy filtered resources.
2018-01-27 22:37:38,327 [Worker-71] INFO  o.e.m.c.i.embedder.EclipseLogger - Copying 1 resource
2018-01-27 22:37:38,343 [Worker-71] INFO  o.e.m.c.i.embedder.EclipseLogger - Copying 4 resources
2018-01-27 22:37:38,343 [Worker-71] INFO  o.e.m.c.i.embedder.EclipseLogger - Using 'UTF-8' encoding to copy filtered resources.
2018-01-27 22:37:38,358 [Worker-71] INFO  o.e.m.c.i.embedder.EclipseLogger - skip non existing resourceDirectory C:\Users\SP\projects\springbootdemo\demo\src\test\resources
2018-01-27 22:38:21,039 [Worker-72] INFO  o.e.m.c.i.embedder.EclipseLogger - Using 'UTF-8' encoding to copy filtered resources.
2018-01-27 22:38:21,039 [Worker-72] INFO  o.e.m.c.i.embedder.EclipseLogger - Copying 1 resource
2018-01-27 22:38:21,054 [Worker-72] INFO  o.e.m.c.i.embedder.EclipseLogger - Copying 4 resources
2018-01-27 22:38:21,054 [Worker-72] INFO  o.e.m.c.i.embedder.EclipseLogger - Using 'UTF-8' encoding to copy filtered resources.
2018-01-27 22:38:21,054 [Worker-72] INFO  o.e.m.c.i.embedder.EclipseLogger - skip non existing resourceDirectory C:\Users\SP\projects\springbootdemo\demo\src\test\resources
2018-01-27 22:38:58,698 [Worker-73] INFO  o.e.m.c.i.embedder.EclipseLogger - Using 'UTF-8' encoding to copy filtered resources.
2018-01-27 22:38:58,714 [Worker-73] INFO  o.e.m.c.i.embedder.EclipseLogger - Copying 1 resource
2018-01-27 22:38:58,730 [Worker-73] INFO  o.e.m.c.i.embedder.EclipseLogger - Copying 4 resources
2018-01-27 22:38:58,730 [Worker-73] INFO  o.e.m.c.i.embedder.EclipseLogger - Using 'UTF-8' encoding to copy filtered resources.
2018-01-27 22:38:58,730 [Worker-73] INFO  o.e.m.c.i.embedder.EclipseLogger - skip non existing resourceDirectory C:\Users\SP\projects\springbootdemo\demo\src\test\resources
2018-01-27 22:40:01,235 [Worker-71] INFO  o.e.m.c.i.embedder.EclipseLogger - Using 'UTF-8' encoding to copy filtered resources.
2018-01-27 22:40:01,251 [Worker-71] INFO  o.e.m.c.i.embedder.EclipseLogger - Copying 1 resource
2018-01-27 22:40:01,251 [Worker-71] INFO  o.e.m.c.i.embedder.EclipseLogger - Copying 4 resources
2018-01-27 22:40:01,266 [Worker-71] INFO  o.e.m.c.i.embedder.EclipseLogger - Using 'UTF-8' encoding to copy filtered resources.
2018-01-27 22:40:01,266 [Worker-71] INFO  o.e.m.c.i.embedder.EclipseLogger - skip non existing resourceDirectory C:\Users\SP\projects\springbootdemo\demo\src\test\resources
2018-01-27 22:48:01,994 [Worker-59] INFO  o.e.m.c.i.embedder.EclipseLogger - Using 'UTF-8' encoding to copy filtered resources.
2018-01-27 22:48:02,010 [Worker-59] INFO  o.e.m.c.i.embedder.EclipseLogger - Copying 1 resource
2018-01-27 22:48:02,025 [Worker-59] INFO  o.e.m.c.i.embedder.EclipseLogger - Copying 4 resources
2018-01-27 22:48:02,041 [Worker-59] INFO  o.e.m.c.i.embedder.EclipseLogger - Using 'UTF-8' encoding to copy filtered resources.
2018-01-27 22:48:02,041 [Worker-59] INFO  o.e.m.c.i.embedder.EclipseLogger - skip non existing resourceDirectory C:\Users\SP\projects\springbootdemo\demo\src\test\resources
2018-01-27 22:48:23,634 [Worker-71] INFO  o.e.m.c.i.embedder.EclipseLogger - Using 'UTF-8' encoding to copy filtered resources.
2018-01-27 22:48:23,650 [Worker-71] INFO  o.e.m.c.i.embedder.EclipseLogger - Copying 1 resource
2018-01-27 22:48:23,650 [Worker-71] INFO  o.e.m.c.i.embedder.EclipseLogger - Copying 4 resources
2018-01-27 22:48:23,673 [Worker-71] INFO  o.e.m.c.i.embedder.EclipseLogger - Using 'UTF-8' encoding to copy filtered resources.
2018-01-27 22:48:23,673 [Worker-71] INFO  o.e.m.c.i.embedder.EclipseLogger - skip non existing resourceDirectory C:\Users\SP\projects\springbootdemo\demo\src\test\resources
2018-01-27 22:51:37,102 [Worker-74] INFO  o.e.m.c.i.embedder.EclipseLogger - Using 'UTF-8' encoding to copy filtered resources.
2018-01-27 22:51:37,102 [Worker-74] INFO  o.e.m.c.i.embedder.EclipseLogger - Copying 0 resource
2018-01-27 22:51:37,102 [Worker-74] INFO  o.e.m.c.i.embedder.EclipseLogger - Copying 1 resource
2018-01-27 22:51:37,118 [Worker-74] INFO  o.e.m.c.i.embedder.EclipseLogger - Using 'UTF-8' encoding to copy filtered resources.
2018-01-27 22:51:37,118 [Worker-74] INFO  o.e.m.c.i.embedder.EclipseLogger - skip non existing resourceDirectory C:\Users\SP\projects\springbootdemo\demo\src\test\resources
2018-01-27 22:56:56,690 [Worker-69] INFO  o.e.m.c.i.embedder.EclipseLogger - Using 'UTF-8' encoding to copy filtered resources.
2018-01-27 22:56:56,706 [Worker-69] INFO  o.e.m.c.i.embedder.EclipseLogger - Copying 1 resource
2018-01-27 22:56:56,721 [Worker-69] INFO  o.e.m.c.i.embedder.EclipseLogger - Copying 4 resources
2018-01-27 22:56:56,721 [Worker-69] INFO  o.e.m.c.i.embedder.EclipseLogger - Using 'UTF-8' encoding to copy filtered resources.
2018-01-27 22:56:56,721 [Worker-69] INFO  o.e.m.c.i.embedder.EclipseLogger - skip non existing resourceDirectory C:\Users\SP\projects\springbootdemo\demo\src\test\resources
2018-01-27 22:57:54,653 [Worker-69] INFO  o.e.m.c.i.embedder.EclipseLogger - Using 'UTF-8' encoding to copy filtered resources.
2018-01-27 22:57:54,653 [Worker-69] INFO  o.e.m.c.i.embedder.EclipseLogger - Copying 0 resource
2018-01-27 22:57:54,653 [Worker-69] INFO  o.e.m.c.i.embedder.EclipseLogger - Copying 1 resource
2018-01-27 22:57:54,668 [Worker-69] INFO  o.e.m.c.i.embedder.EclipseLogger - Using 'UTF-8' encoding to copy filtered resources.
2018-01-27 22:57:54,668 [Worker-69] INFO  o.e.m.c.i.embedder.EclipseLogger - skip non existing resourceDirectory C:\Users\SP\projects\springbootdemo\demo\src\test\resources
2018-01-27 22:58:07,176 [Worker-74] INFO  o.e.m.c.i.embedder.EclipseLogger - Using 'UTF-8' encoding to copy filtered resources.
2018-01-27 22:58:07,176 [Worker-74] INFO  o.e.m.c.i.embedder.EclipseLogger - Copying 0 resource
2018-01-27 22:58:07,176 [Worker-74] INFO  o.e.m.c.i.embedder.EclipseLogger - Copying 1 resource
2018-01-27 22:58:07,191 [Worker-74] INFO  o.e.m.c.i.embedder.EclipseLogger - Using 'UTF-8' encoding to copy filtered resources.
2018-01-27 22:58:07,191 [Worker-74] INFO  o.e.m.c.i.embedder.EclipseLogger - skip non existing resourceDirectory C:\Users\SP\projects\springbootdemo\demo\src\test\resources
2018-01-27 22:59:17,232 [Worker-77] INFO  o.e.m.c.i.embedder.EclipseLogger - Using 'UTF-8' encoding to copy filtered resources.
2018-01-27 22:59:17,232 [Worker-77] INFO  o.e.m.c.i.embedder.EclipseLogger - Copying 0 resource
2018-01-27 22:59:17,247 [Worker-77] INFO  o.e.m.c.i.embedder.EclipseLogger - Copying 1 resource
2018-01-27 22:59:17,279 [Worker-77] INFO  o.e.m.c.i.embedder.EclipseLogger - Using 'UTF-8' encoding to copy filtered resources.
2018-01-27 22:59:17,279 [Worker-77] INFO  o.e.m.c.i.embedder.EclipseLogger - skip non existing resourceDirectory C:\Users\SP\projects\springbootdemo\demo\src\test\resources
2018-01-27 23:02:40,608 [Worker-72] INFO  o.e.m.c.i.embedder.EclipseLogger - Using 'UTF-8' encoding to copy filtered resources.
2018-01-27 23:02:40,623 [Worker-72] INFO  o.e.m.c.i.embedder.EclipseLogger - Copying 1 resource
2018-01-27 23:02:40,639 [Worker-72] INFO  o.e.m.c.i.embedder.EclipseLogger - Copying 5 resources
2018-01-27 23:02:40,655 [Worker-72] INFO  o.e.m.c.i.embedder.EclipseLogger - Using 'UTF-8' encoding to copy filtered resources.
2018-01-27 23:02:40,655 [Worker-72] INFO  o.e.m.c.i.embedder.EclipseLogger - skip non existing resourceDirectory C:\Users\SP\projects\springbootdemo\demo\src\test\resources
2018-01-27 23:03:47,529 [Worker-78] INFO  o.e.m.c.i.embedder.EclipseLogger - Using 'UTF-8' encoding to copy filtered resources.
2018-01-27 23:03:47,529 [Worker-78] INFO  o.e.m.c.i.embedder.EclipseLogger - Copying 0 resource
2018-01-27 23:03:47,529 [Worker-78] INFO  o.e.m.c.i.embedder.EclipseLogger - Copying 1 resource
2018-01-27 23:03:47,560 [Worker-78] INFO  o.e.m.c.i.embedder.EclipseLogger - Using 'UTF-8' encoding to copy filtered resources.
2018-01-27 23:03:47,560 [Worker-78] INFO  o.e.m.c.i.embedder.EclipseLogger - skip non existing resourceDirectory C:\Users\SP\projects\springbootdemo\demo\src\test\resources
2018-01-27 23:10:57,688 [Worker-36] INFO  o.e.m.c.i.embedder.EclipseLogger - Using 'UTF-8' encoding to copy filtered resources.
2018-01-27 23:10:57,688 [Worker-36] INFO  o.e.m.c.i.embedder.EclipseLogger - Copying 0 resource
2018-01-27 23:10:57,688 [Worker-36] INFO  o.e.m.c.i.embedder.EclipseLogger - Copying 1 resource
2018-01-27 23:10:57,720 [Worker-36] INFO  o.e.m.c.i.embedder.EclipseLogger - Using 'UTF-8' encoding to copy filtered resources.
2018-01-27 23:10:57,720 [Worker-36] INFO  o.e.m.c.i.embedder.EclipseLogger - skip non existing resourceDirectory C:\Users\SP\projects\springbootdemo\demo\src\test\resources
2018-01-27 23:20:18,463 [Worker-82] INFO  o.e.m.c.i.embedder.EclipseLogger - Using 'UTF-8' encoding to copy filtered resources.
2018-01-27 23:20:18,463 [Worker-82] INFO  o.e.m.c.i.embedder.EclipseLogger - Copying 0 resource
2018-01-27 23:20:18,463 [Worker-82] INFO  o.e.m.c.i.embedder.EclipseLogger - Copying 1 resource
2018-01-27 23:20:18,483 [Worker-82] INFO  o.e.m.c.i.embedder.EclipseLogger - Using 'UTF-8' encoding to copy filtered resources.
2018-01-27 23:20:18,483 [Worker-82] INFO  o.e.m.c.i.embedder.EclipseLogger - skip non existing resourceDirectory C:\Users\SP\projects\springbootdemo\demo\src\test\resources
2018-01-27 23:25:57,889 [Worker-85] INFO  o.e.m.c.i.embedder.EclipseLogger - Using 'UTF-8' encoding to copy filtered resources.
2018-01-27 23:25:57,889 [Worker-85] INFO  o.e.m.c.i.embedder.EclipseLogger - Copying 0 resource
2018-01-27 23:25:57,889 [Worker-85] INFO  o.e.m.c.i.embedder.EclipseLogger - Copying 1 resource
2018-01-27 23:25:57,920 [Worker-85] INFO  o.e.m.c.i.embedder.EclipseLogger - Using 'UTF-8' encoding to copy filtered resources.
2018-01-27 23:25:57,920 [Worker-85] INFO  o.e.m.c.i.embedder.EclipseLogger - skip non existing resourceDirectory C:\Users\SP\projects\springbootdemo\demo\src\test\resources
2018-01-27 23:27:52,669 [Worker-85] INFO  o.e.m.c.i.embedder.EclipseLogger - Using 'UTF-8' encoding to copy filtered resources.
2018-01-27 23:27:52,669 [Worker-85] INFO  o.e.m.c.i.embedder.EclipseLogger - Copying 0 resource
2018-01-27 23:27:52,685 [Worker-85] INFO  o.e.m.c.i.embedder.EclipseLogger - Copying 1 resource
2018-01-27 23:27:52,701 [Worker-85] INFO  o.e.m.c.i.embedder.EclipseLogger - Using 'UTF-8' encoding to copy filtered resources.
2018-01-27 23:27:52,701 [Worker-85] INFO  o.e.m.c.i.embedder.EclipseLogger - skip non existing resourceDirectory C:\Users\SP\projects\springbootdemo\demo\src\test\resources
2018-01-27 23:30:08,406 [Worker-82] INFO  o.e.m.c.i.embedder.EclipseLogger - Using 'UTF-8' encoding to copy filtered resources.
2018-01-27 23:30:08,410 [Worker-82] INFO  o.e.m.c.i.embedder.EclipseLogger - Copying 0 resource
2018-01-27 23:30:08,414 [Worker-82] INFO  o.e.m.c.i.embedder.EclipseLogger - Copying 1 resource
2018-01-27 23:30:08,434 [Worker-82] INFO  o.e.m.c.i.embedder.EclipseLogger - Using 'UTF-8' encoding to copy filtered resources.
2018-01-27 23:30:08,438 [Worker-82] INFO  o.e.m.c.i.embedder.EclipseLogger - skip non existing resourceDirectory C:\Users\SP\projects\springbootdemo\demo\src\test\resources
2018-01-27 23:33:55,626 [Worker-36] INFO  o.e.m.c.i.embedder.EclipseLogger - Using 'UTF-8' encoding to copy filtered resources.
2018-01-27 23:33:55,626 [Worker-36] INFO  o.e.m.c.i.embedder.EclipseLogger - Copying 0 resource
2018-01-27 23:33:55,626 [Worker-36] INFO  o.e.m.c.i.embedder.EclipseLogger - Copying 1 resource
2018-01-27 23:33:55,641 [Worker-36] INFO  o.e.m.c.i.embedder.EclipseLogger - Using 'UTF-8' encoding to copy filtered resources.
2018-01-27 23:33:55,641 [Worker-36] INFO  o.e.m.c.i.embedder.EclipseLogger - skip non existing resourceDirectory C:\Users\SP\projects\springbootdemo\demo\src\test\resources
2018-01-27 23:34:58,183 [Worker-89] INFO  o.e.m.c.i.embedder.EclipseLogger - Using 'UTF-8' encoding to copy filtered resources.
2018-01-27 23:34:58,183 [Worker-89] INFO  o.e.m.c.i.embedder.EclipseLogger - Copying 0 resource
2018-01-27 23:34:58,183 [Worker-89] INFO  o.e.m.c.i.embedder.EclipseLogger - Copying 1 resource
2018-01-27 23:34:58,199 [Worker-89] INFO  o.e.m.c.i.embedder.EclipseLogger - Using 'UTF-8' encoding to copy filtered resources.
2018-01-27 23:34:58,199 [Worker-89] INFO  o.e.m.c.i.embedder.EclipseLogger - skip non existing resourceDirectory C:\Users\SP\projects\springbootdemo\demo\src\test\resources
2018-01-27 23:35:39,940 [Worker-90] INFO  o.e.m.c.i.embedder.EclipseLogger - Using 'UTF-8' encoding to copy filtered resources.
2018-01-27 23:35:39,940 [Worker-90] INFO  o.e.m.c.i.embedder.EclipseLogger - Copying 0 resource
2018-01-27 23:35:39,940 [Worker-90] INFO  o.e.m.c.i.embedder.EclipseLogger - Copying 1 resource
2018-01-27 23:35:39,956 [Worker-90] INFO  o.e.m.c.i.embedder.EclipseLogger - Using 'UTF-8' encoding to copy filtered resources.
2018-01-27 23:35:39,956 [Worker-90] INFO  o.e.m.c.i.embedder.EclipseLogger - skip non existing resourceDirectory C:\Users\SP\projects\springbootdemo\demo\src\test\resources
2018-01-27 23:36:17,716 [Worker-89] INFO  o.e.m.c.i.embedder.EclipseLogger - Using 'UTF-8' encoding to copy filtered resources.
2018-01-27 23:36:17,716 [Worker-89] INFO  o.e.m.c.i.embedder.EclipseLogger - Copying 0 resource
2018-01-27 23:36:17,716 [Worker-89] INFO  o.e.m.c.i.embedder.EclipseLogger - Copying 1 resource
2018-01-27 23:36:17,732 [Worker-89] INFO  o.e.m.c.i.embedder.EclipseLogger - Using 'UTF-8' encoding to copy filtered resources.
2018-01-27 23:36:17,732 [Worker-89] INFO  o.e.m.c.i.embedder.EclipseLogger - skip non existing resourceDirectory C:\Users\SP\projects\springbootdemo\demo\src\test\resources
2018-01-27 23:37:21,097 [Worker-82] INFO  o.e.m.c.i.embedder.EclipseLogger - Using 'UTF-8' encoding to copy filtered resources.
2018-01-27 23:37:21,097 [Worker-82] INFO  o.e.m.c.i.embedder.EclipseLogger - Copying 0 resource
2018-01-27 23:37:21,097 [Worker-82] INFO  o.e.m.c.i.embedder.EclipseLogger - Copying 1 resource
2018-01-27 23:37:21,129 [Worker-82] INFO  o.e.m.c.i.embedder.EclipseLogger - Using 'UTF-8' encoding to copy filtered resources.
2018-01-27 23:37:21,129 [Worker-82] INFO  o.e.m.c.i.embedder.EclipseLogger - skip non existing resourceDirectory C:\Users\SP\projects\springbootdemo\demo\src\test\resources
2018-01-27 23:39:48,806 [Worker-82] INFO  o.e.m.c.i.embedder.EclipseLogger - Using 'UTF-8' encoding to copy filtered resources.
2018-01-27 23:39:48,806 [Worker-82] INFO  o.e.m.c.i.embedder.EclipseLogger - Copying 0 resource
2018-01-27 23:39:48,821 [Worker-82] INFO  o.e.m.c.i.embedder.EclipseLogger - Copying 1 resource
2018-01-27 23:39:48,821 [Worker-82] INFO  o.e.m.c.i.embedder.EclipseLogger - Using 'UTF-8' encoding to copy filtered resources.
2018-01-27 23:39:48,837 [Worker-82] INFO  o.e.m.c.i.embedder.EclipseLogger - skip non existing resourceDirectory C:\Users\SP\projects\springbootdemo\demo\src\test\resources
2018-01-27 23:41:02,718 [Worker-91] INFO  o.e.m.c.i.embedder.EclipseLogger - Using 'UTF-8' encoding to copy filtered resources.
2018-01-27 23:41:02,733 [Worker-91] INFO  o.e.m.c.i.embedder.EclipseLogger - Copying 1 resource
2018-01-27 23:41:02,733 [Worker-91] INFO  o.e.m.c.i.embedder.EclipseLogger - Copying 5 resources
2018-01-27 23:41:02,749 [Worker-91] INFO  o.e.m.c.i.embedder.EclipseLogger - Using 'UTF-8' encoding to copy filtered resources.
2018-01-27 23:41:02,749 [Worker-91] INFO  o.e.m.c.i.embedder.EclipseLogger - skip non existing resourceDirectory C:\Users\SP\projects\springbootdemo\demo\src\test\resources
2018-01-27 23:41:14,388 [Worker-82] INFO  o.e.m.c.i.embedder.EclipseLogger - Using 'UTF-8' encoding to copy filtered resources.
2018-01-27 23:41:14,411 [Worker-82] INFO  o.e.m.c.i.embedder.EclipseLogger - Copying 1 resource
2018-01-27 23:41:14,423 [Worker-82] INFO  o.e.m.c.i.embedder.EclipseLogger - Copying 5 resources
2018-01-27 23:41:14,431 [Worker-82] INFO  o.e.m.c.i.embedder.EclipseLogger - Using 'UTF-8' encoding to copy filtered resources.
2018-01-27 23:41:14,431 [Worker-82] INFO  o.e.m.c.i.embedder.EclipseLogger - skip non existing resourceDirectory C:\Users\SP\projects\springbootdemo\demo\src\test\resources
2018-01-27 23:46:15,936 [Worker-82] INFO  o.e.m.c.i.embedder.EclipseLogger - Using 'UTF-8' encoding to copy filtered resources.
2018-01-27 23:46:15,951 [Worker-82] INFO  o.e.m.c.i.embedder.EclipseLogger - Copying 1 resource
2018-01-27 23:46:15,967 [Worker-82] INFO  o.e.m.c.i.embedder.EclipseLogger - Copying 5 resources
2018-01-27 23:46:15,967 [Worker-82] INFO  o.e.m.c.i.embedder.EclipseLogger - Using 'UTF-8' encoding to copy filtered resources.
2018-01-27 23:46:15,967 [Worker-82] INFO  o.e.m.c.i.embedder.EclipseLogger - skip non existing resourceDirectory C:\Users\SP\projects\springbootdemo\demo\src\test\resources
2018-01-27 23:52:05,099 [Worker-82] INFO  o.e.m.c.i.embedder.EclipseLogger - Using 'UTF-8' encoding to copy filtered resources.
2018-01-27 23:52:05,099 [Worker-82] INFO  o.e.m.c.i.embedder.EclipseLogger - Copying 0 resource
2018-01-27 23:52:05,099 [Worker-82] INFO  o.e.m.c.i.embedder.EclipseLogger - Copying 1 resource
2018-01-27 23:52:05,115 [Worker-82] INFO  o.e.m.c.i.embedder.EclipseLogger - Using 'UTF-8' encoding to copy filtered resources.
2018-01-27 23:52:05,115 [Worker-82] INFO  o.e.m.c.i.embedder.EclipseLogger - skip non existing resourceDirectory C:\Users\SP\projects\springbootdemo\demo\src\test\resources
2018-01-28 00:01:16,253 [Worker-86] INFO  o.e.m.c.i.embedder.EclipseLogger - Using 'UTF-8' encoding to copy filtered resources.
2018-01-28 00:01:16,265 [Worker-86] INFO  o.e.m.c.i.embedder.EclipseLogger - Copying 0 resource
2018-01-28 00:01:16,269 [Worker-86] INFO  o.e.m.c.i.embedder.EclipseLogger - Copying 1 resource
2018-01-28 00:01:16,293 [Worker-86] INFO  o.e.m.c.i.embedder.EclipseLogger - Using 'UTF-8' encoding to copy filtered resources.
2018-01-28 00:01:16,293 [Worker-86] INFO  o.e.m.c.i.embedder.EclipseLogger - skip non existing resourceDirectory C:\Users\SP\projects\springbootdemo\demo\src\test\resources
2018-01-28 18:57:06,926 [Worker-1] INFO  o.e.m.c.i.embedder.EclipseLogger - Using 'UTF-8' encoding to copy filtered resources.
2018-01-28 18:57:07,004 [Worker-1] INFO  o.e.m.c.i.embedder.EclipseLogger - Copying 1 resource
2018-01-28 18:57:07,051 [Worker-1] INFO  o.e.m.c.i.embedder.EclipseLogger - Copying 5 resources
2018-01-28 18:57:07,161 [Worker-1] INFO  o.e.m.c.i.embedder.EclipseLogger - Using 'UTF-8' encoding to copy filtered resources.
2018-01-28 18:57:07,161 [Worker-1] INFO  o.e.m.c.i.embedder.EclipseLogger - skip non existing resourceDirectory C:\Users\SP\projects\springbootdemo\demo\src\test\resources
2018-01-28 18:58:55,324 [Worker-2] INFO  o.e.m.c.i.embedder.EclipseLogger - Using 'UTF-8' encoding to copy filtered resources.
2018-01-28 18:58:55,340 [Worker-2] INFO  o.e.m.c.i.embedder.EclipseLogger - Copying 1 resource
2018-01-28 18:58:55,340 [Worker-2] INFO  o.e.m.c.i.embedder.EclipseLogger - Copying 5 resources
2018-01-28 18:58:55,356 [Worker-2] INFO  o.e.m.c.i.embedder.EclipseLogger - Using 'UTF-8' encoding to copy filtered resources.
2018-01-28 18:58:55,356 [Worker-2] INFO  o.e.m.c.i.embedder.EclipseLogger - skip non existing resourceDirectory C:\Users\SP\projects\springbootdemo\demo\src\test\resources
2018-01-28 19:01:47,245 [Worker-22] INFO  o.e.m.c.i.embedder.EclipseLogger - Using 'UTF-8' encoding to copy filtered resources.
2018-01-28 19:01:47,261 [Worker-22] INFO  o.e.m.c.i.embedder.EclipseLogger - Copying 0 resource
2018-01-28 19:01:47,261 [Worker-22] INFO  o.e.m.c.i.embedder.EclipseLogger - Copying 1 resource
2018-01-28 19:01:47,277 [Worker-22] INFO  o.e.m.c.i.embedder.EclipseLogger - Using 'UTF-8' encoding to copy filtered resources.
2018-01-28 19:01:47,277 [Worker-22] INFO  o.e.m.c.i.embedder.EclipseLogger - skip non existing resourceDirectory C:\Users\SP\projects\springbootdemo\demo\src\test\resources
2018-01-28 19:02:37,751 [Worker-27] INFO  o.e.m.c.i.embedder.EclipseLogger - Using 'UTF-8' encoding to copy filtered resources.
2018-01-28 19:02:37,751 [Worker-27] INFO  o.e.m.c.i.embedder.EclipseLogger - Copying 0 resource
2018-01-28 19:02:37,751 [Worker-27] INFO  o.e.m.c.i.embedder.EclipseLogger - Copying 1 resource
2018-01-28 19:02:37,782 [Worker-27] INFO  o.e.m.c.i.embedder.EclipseLogger - Using 'UTF-8' encoding to copy filtered resources.
2018-01-28 19:02:37,782 [Worker-27] INFO  o.e.m.c.i.embedder.EclipseLogger - skip non existing resourceDirectory C:\Users\SP\projects\springbootdemo\demo\src\test\resources
2018-01-28 19:03:38,970 [Worker-26] INFO  o.e.m.c.i.embedder.EclipseLogger - Using 'UTF-8' encoding to copy filtered resources.
2018-01-28 19:03:38,970 [Worker-26] INFO  o.e.m.c.i.embedder.EclipseLogger - Copying 1 resource
2018-01-28 19:03:38,985 [Worker-26] INFO  o.e.m.c.i.embedder.EclipseLogger - Copying 5 resources
2018-01-28 19:03:39,001 [Worker-26] INFO  o.e.m.c.i.embedder.EclipseLogger - Using 'UTF-8' encoding to copy filtered resources.
2018-01-28 19:03:39,001 [Worker-26] INFO  o.e.m.c.i.embedder.EclipseLogger - skip non existing resourceDirectory C:\Users\SP\projects\springbootdemo\demo\src\test\resources
2018-01-28 19:08:21,501 [Worker-11] INFO  o.e.m.c.i.embedder.EclipseLogger - Using 'UTF-8' encoding to copy filtered resources.
2018-01-28 19:08:21,517 [Worker-11] INFO  o.e.m.c.i.embedder.EclipseLogger - Copying 1 resource
2018-01-28 19:08:21,532 [Worker-11] INFO  o.e.m.c.i.embedder.EclipseLogger - Copying 5 resources
2018-01-28 19:08:21,532 [Worker-11] INFO  o.e.m.c.i.embedder.EclipseLogger - Using 'UTF-8' encoding to copy filtered resources.
2018-01-28 19:08:21,532 [Worker-11] INFO  o.e.m.c.i.embedder.EclipseLogger - skip non existing resourceDirectory C:\Users\SP\projects\springbootdemo\demo\src\test\resources
2018-01-28 19:08:50,094 [Worker-22] INFO  o.e.m.c.i.embedder.EclipseLogger - Using 'UTF-8' encoding to copy filtered resources.
2018-01-28 19:08:50,094 [Worker-22] INFO  o.e.m.c.i.embedder.EclipseLogger - Copying 0 resource
2018-01-28 19:08:50,094 [Worker-22] INFO  o.e.m.c.i.embedder.EclipseLogger - Copying 1 resource
2018-01-28 19:08:50,126 [Worker-22] INFO  o.e.m.c.i.embedder.EclipseLogger - Using 'UTF-8' encoding to copy filtered resources.
2018-01-28 19:08:50,126 [Worker-22] INFO  o.e.m.c.i.embedder.EclipseLogger - skip non existing resourceDirectory C:\Users\SP\projects\springbootdemo\demo\src\test\resources
2018-01-28 19:08:59,016 [Worker-26] INFO  o.e.m.c.i.embedder.EclipseLogger - Using 'UTF-8' encoding to copy filtered resources.
2018-01-28 19:08:59,016 [Worker-26] INFO  o.e.m.c.i.embedder.EclipseLogger - Copying 0 resource
2018-01-28 19:08:59,016 [Worker-26] INFO  o.e.m.c.i.embedder.EclipseLogger - Copying 1 resource
2018-01-28 19:08:59,032 [Worker-26] INFO  o.e.m.c.i.embedder.EclipseLogger - Using 'UTF-8' encoding to copy filtered resources.
2018-01-28 19:08:59,032 [Worker-26] INFO  o.e.m.c.i.embedder.EclipseLogger - skip non existing resourceDirectory C:\Users\SP\projects\springbootdemo\demo\src\test\resources
2018-01-28 19:13:09,633 [Worker-31] INFO  o.e.m.c.i.embedder.EclipseLogger - Using 'UTF-8' encoding to copy filtered resources.
2018-01-28 19:13:09,633 [Worker-31] INFO  o.e.m.c.i.embedder.EclipseLogger - Copying 0 resource
2018-01-28 19:13:09,633 [Worker-31] INFO  o.e.m.c.i.embedder.EclipseLogger - Copying 1 resource
2018-01-28 19:13:09,648 [Worker-31] INFO  o.e.m.c.i.embedder.EclipseLogger - Using 'UTF-8' encoding to copy filtered resources.
2018-01-28 19:13:09,648 [Worker-31] INFO  o.e.m.c.i.embedder.EclipseLogger - skip non existing resourceDirectory C:\Users\SP\projects\springbootdemo\demo\src\test\resources
2018-01-28 19:27:26,111 [Worker-33] INFO  o.e.m.c.i.embedder.EclipseLogger - Using 'UTF-8' encoding to copy filtered resources.
2018-01-28 19:27:26,119 [Worker-33] INFO  o.e.m.c.i.embedder.EclipseLogger - Copying 1 resource
2018-01-28 19:27:26,127 [Worker-33] INFO  o.e.m.c.i.embedder.EclipseLogger - Copying 5 resources
2018-01-28 19:27:26,135 [Worker-33] INFO  o.e.m.c.i.embedder.EclipseLogger - Using 'UTF-8' encoding to copy filtered resources.
2018-01-28 19:27:26,139 [Worker-33] INFO  o.e.m.c.i.embedder.EclipseLogger - skip non existing resourceDirectory C:\Users\SP\projects\springbootdemo\demo\src\test\resources
2018-01-28 19:42:21,776 [Worker-38] INFO  o.e.m.c.i.embedder.EclipseLogger - Using 'UTF-8' encoding to copy filtered resources.
2018-01-28 19:42:21,784 [Worker-38] INFO  o.e.m.c.i.embedder.EclipseLogger - Copying 1 resource
2018-01-28 19:42:21,796 [Worker-38] INFO  o.e.m.c.i.embedder.EclipseLogger - Copying 5 resources
2018-01-28 19:42:21,804 [Worker-38] INFO  o.e.m.c.i.embedder.EclipseLogger - Using 'UTF-8' encoding to copy filtered resources.
2018-01-28 19:42:21,808 [Worker-38] INFO  o.e.m.c.i.embedder.EclipseLogger - skip non existing resourceDirectory C:\Users\SP\projects\springbootdemo\demo\src\test\resources
2018-01-28 19:43:07,910 [Worker-40] INFO  o.e.m.c.i.embedder.EclipseLogger - Using 'UTF-8' encoding to copy filtered resources.
2018-01-28 19:43:07,910 [Worker-40] INFO  o.e.m.c.i.embedder.EclipseLogger - Copying 0 resource
2018-01-28 19:43:07,914 [Worker-40] INFO  o.e.m.c.i.embedder.EclipseLogger - Copying 1 resource
2018-01-28 19:43:07,927 [Worker-40] INFO  o.e.m.c.i.embedder.EclipseLogger - Using 'UTF-8' encoding to copy filtered resources.
2018-01-28 19:43:07,927 [Worker-40] INFO  o.e.m.c.i.embedder.EclipseLogger - skip non existing resourceDirectory C:\Users\SP\projects\springbootdemo\demo\src\test\resources
2018-01-28 19:43:17,988 [Worker-32] INFO  o.e.m.c.i.embedder.EclipseLogger - Using 'UTF-8' encoding to copy filtered resources.
2018-01-28 19:43:17,988 [Worker-32] INFO  o.e.m.c.i.embedder.EclipseLogger - Copying 0 resource
2018-01-28 19:43:17,992 [Worker-32] INFO  o.e.m.c.i.embedder.EclipseLogger - Copying 1 resource
2018-01-28 19:43:18,004 [Worker-32] INFO  o.e.m.c.i.embedder.EclipseLogger - Using 'UTF-8' encoding to copy filtered resources.
2018-01-28 19:43:18,008 [Worker-32] INFO  o.e.m.c.i.embedder.EclipseLogger - skip non existing resourceDirectory C:\Users\SP\projects\springbootdemo\demo\src\test\resources
2018-01-28 19:48:13,592 [Worker-38] INFO  o.e.m.c.i.embedder.EclipseLogger - Using 'UTF-8' encoding to copy filtered resources.
2018-01-28 19:48:13,600 [Worker-38] INFO  o.e.m.c.i.embedder.EclipseLogger - Copying 1 resource
2018-01-28 19:48:13,612 [Worker-38] INFO  o.e.m.c.i.embedder.EclipseLogger - Copying 5 resources
2018-01-28 19:48:13,624 [Worker-38] INFO  o.e.m.c.i.embedder.EclipseLogger - Using 'UTF-8' encoding to copy filtered resources.
2018-01-28 19:48:13,624 [Worker-38] INFO  o.e.m.c.i.embedder.EclipseLogger - skip non existing resourceDirectory C:\Users\SP\projects\springbootdemo\demo\src\test\resources
2018-01-28 19:53:39,143 [Worker-38] INFO  o.e.m.c.i.embedder.EclipseLogger - Using 'UTF-8' encoding to copy filtered resources.
2018-01-28 19:53:39,151 [Worker-38] INFO  o.e.m.c.i.embedder.EclipseLogger - Copying 1 resource
2018-01-28 19:53:39,163 [Worker-38] INFO  o.e.m.c.i.embedder.EclipseLogger - Copying 5 resources
2018-01-28 19:53:39,171 [Worker-38] INFO  o.e.m.c.i.embedder.EclipseLogger - Using 'UTF-8' encoding to copy filtered resources.
2018-01-28 19:53:39,171 [Worker-38] INFO  o.e.m.c.i.embedder.EclipseLogger - skip non existing resourceDirectory C:\Users\SP\projects\springbootdemo\demo\src\test\resources
2018-01-28 20:01:28,126 [Worker-38] INFO  o.e.m.c.i.embedder.EclipseLogger - Using 'UTF-8' encoding to copy filtered resources.
2018-01-28 20:01:28,130 [Worker-38] INFO  o.e.m.c.i.embedder.EclipseLogger - Copying 0 resource
2018-01-28 20:01:28,134 [Worker-38] INFO  o.e.m.c.i.embedder.EclipseLogger - Copying 1 resource
2018-01-28 20:01:28,150 [Worker-38] INFO  o.e.m.c.i.embedder.EclipseLogger - Using 'UTF-8' encoding to copy filtered resources.
2018-01-28 20:01:28,154 [Worker-38] INFO  o.e.m.c.i.embedder.EclipseLogger - skip non existing resourceDirectory C:\Users\SP\projects\springbootdemo\demo\src\test\resources
2018-01-28 20:02:49,066 [Worker-51] INFO  o.e.m.c.i.embedder.EclipseLogger - Using 'UTF-8' encoding to copy filtered resources.
2018-01-28 20:02:49,066 [Worker-51] INFO  o.e.m.c.i.embedder.EclipseLogger - Copying 0 resource
2018-01-28 20:02:49,070 [Worker-51] INFO  o.e.m.c.i.embedder.EclipseLogger - Copying 1 resource
2018-01-28 20:02:49,082 [Worker-51] INFO  o.e.m.c.i.embedder.EclipseLogger - Using 'UTF-8' encoding to copy filtered resources.
2018-01-28 20:02:49,082 [Worker-51] INFO  o.e.m.c.i.embedder.EclipseLogger - skip non existing resourceDirectory C:\Users\SP\projects\springbootdemo\demo\src\test\resources
2018-01-28 20:09:50,505 [Worker-38] INFO  o.e.m.c.i.embedder.EclipseLogger - Using 'UTF-8' encoding to copy filtered resources.
2018-01-28 20:09:50,517 [Worker-38] INFO  o.e.m.c.i.embedder.EclipseLogger - Copying 1 resource
2018-01-28 20:09:50,529 [Worker-38] INFO  o.e.m.c.i.embedder.EclipseLogger - Copying 5 resources
2018-01-28 20:09:50,553 [Worker-38] INFO  o.e.m.c.i.embedder.EclipseLogger - Using 'UTF-8' encoding to copy filtered resources.
2018-01-28 20:09:50,553 [Worker-38] INFO  o.e.m.c.i.embedder.EclipseLogger - skip non existing resourceDirectory C:\Users\SP\projects\springbootdemo\demo\src\test\resources
2018-01-28 20:12:10,459 [Worker-52] INFO  o.e.m.c.i.embedder.EclipseLogger - Using 'UTF-8' encoding to copy filtered resources.
2018-01-28 20:12:10,459 [Worker-52] INFO  o.e.m.c.i.embedder.EclipseLogger - Copying 0 resource
2018-01-28 20:12:10,463 [Worker-52] INFO  o.e.m.c.i.embedder.EclipseLogger - Copying 1 resource
2018-01-28 20:12:10,479 [Worker-52] INFO  o.e.m.c.i.embedder.EclipseLogger - Using 'UTF-8' encoding to copy filtered resources.
2018-01-28 20:12:10,479 [Worker-52] INFO  o.e.m.c.i.embedder.EclipseLogger - skip non existing resourceDirectory C:\Users\SP\projects\springbootdemo\demo\src\test\resources
2018-01-28 20:16:15,754 [Worker-51] INFO  o.e.m.c.i.embedder.EclipseLogger - Using 'UTF-8' encoding to copy filtered resources.
2018-01-28 20:16:15,770 [Worker-51] INFO  o.e.m.c.i.embedder.EclipseLogger - Copying 1 resource
2018-01-28 20:16:15,786 [Worker-51] INFO  o.e.m.c.i.embedder.EclipseLogger - Copying 5 resources
2018-01-28 20:16:15,794 [Worker-51] INFO  o.e.m.c.i.embedder.EclipseLogger - Using 'UTF-8' encoding to copy filtered resources.
2018-01-28 20:16:15,794 [Worker-51] INFO  o.e.m.c.i.embedder.EclipseLogger - skip non existing resourceDirectory C:\Users\SP\projects\springbootdemo\demo\src\test\resources
2018-01-28 20:19:17,009 [Worker-52] INFO  o.e.m.c.i.embedder.EclipseLogger - Using 'UTF-8' encoding to copy filtered resources.
2018-01-28 20:19:17,013 [Worker-52] INFO  o.e.m.c.i.embedder.EclipseLogger - Copying 0 resource
2018-01-28 20:19:17,013 [Worker-52] INFO  o.e.m.c.i.embedder.EclipseLogger - Copying 1 resource
2018-01-28 20:19:17,029 [Worker-52] INFO  o.e.m.c.i.embedder.EclipseLogger - Using 'UTF-8' encoding to copy filtered resources.
2018-01-28 20:19:17,033 [Worker-52] INFO  o.e.m.c.i.embedder.EclipseLogger - skip non existing resourceDirectory C:\Users\SP\projects\springbootdemo\demo\src\test\resources
2018-01-28 20:19:32,077 [Worker-57] INFO  o.e.m.c.i.embedder.EclipseLogger - Using 'UTF-8' encoding to copy filtered resources.
2018-01-28 20:19:32,081 [Worker-57] INFO  o.e.m.c.i.embedder.EclipseLogger - Copying 0 resource
2018-01-28 20:19:32,081 [Worker-57] INFO  o.e.m.c.i.embedder.EclipseLogger - Copying 1 resource
2018-01-28 20:19:32,101 [Worker-57] INFO  o.e.m.c.i.embedder.EclipseLogger - Using 'UTF-8' encoding to copy filtered resources.
2018-01-28 20:19:32,101 [Worker-57] INFO  o.e.m.c.i.embedder.EclipseLogger - skip non existing resourceDirectory C:\Users\SP\projects\springbootdemo\demo\src\test\resources
2018-01-28 20:20:17,610 [Worker-59] INFO  o.e.m.c.i.embedder.EclipseLogger - Using 'UTF-8' encoding to copy filtered resources.
2018-01-28 20:20:17,614 [Worker-59] INFO  o.e.m.c.i.embedder.EclipseLogger - Copying 0 resource
2018-01-28 20:20:17,614 [Worker-59] INFO  o.e.m.c.i.embedder.EclipseLogger - Copying 1 resource
2018-01-28 20:20:17,630 [Worker-59] INFO  o.e.m.c.i.embedder.EclipseLogger - Using 'UTF-8' encoding to copy filtered resources.
2018-01-28 20:20:17,634 [Worker-59] INFO  o.e.m.c.i.embedder.EclipseLogger - skip non existing resourceDirectory C:\Users\SP\projects\springbootdemo\demo\src\test\resources
2018-01-28 20:36:25,823 [Worker-63] INFO  o.e.m.c.i.embedder.EclipseLogger - Using 'UTF-8' encoding to copy filtered resources.
2018-01-28 20:36:25,827 [Worker-63] INFO  o.e.m.c.i.embedder.EclipseLogger - Copying 0 resource
2018-01-28 20:36:25,827 [Worker-63] INFO  o.e.m.c.i.embedder.EclipseLogger - Copying 1 resource
2018-01-28 20:36:25,843 [Worker-63] INFO  o.e.m.c.i.embedder.EclipseLogger - Using 'UTF-8' encoding to copy filtered resources.
2018-01-28 20:36:25,843 [Worker-63] INFO  o.e.m.c.i.embedder.EclipseLogger - skip non existing resourceDirectory C:\Users\SP\projects\springbootdemo\demo\src\test\resources
2018-01-28 20:52:36,157 [Worker-59] INFO  o.e.m.c.i.embedder.EclipseLogger - Using 'UTF-8' encoding to copy filtered resources.
2018-01-28 20:52:36,164 [Worker-59] INFO  o.e.m.c.i.embedder.EclipseLogger - Copying 1 resource
2018-01-28 20:52:36,173 [Worker-59] INFO  o.e.m.c.i.embedder.EclipseLogger - Copying 5 resources
2018-01-28 20:52:36,182 [Worker-59] INFO  o.e.m.c.i.embedder.EclipseLogger - Using 'UTF-8' encoding to copy filtered resources.
2018-01-28 20:52:36,182 [Worker-59] INFO  o.e.m.c.i.embedder.EclipseLogger - skip non existing resourceDirectory C:\Users\SP\projects\springbootdemo\demo\src\test\resources
2018-01-28 20:55:23,340 [Worker-59] INFO  o.e.m.c.i.embedder.EclipseLogger - Using 'UTF-8' encoding to copy filtered resources.
2018-01-28 20:55:23,341 [Worker-59] INFO  o.e.m.c.i.embedder.EclipseLogger - Copying 0 resource
2018-01-28 20:55:23,343 [Worker-59] INFO  o.e.m.c.i.embedder.EclipseLogger - Copying 1 resource
2018-01-28 20:55:23,361 [Worker-59] INFO  o.e.m.c.i.embedder.EclipseLogger - Using 'UTF-8' encoding to copy filtered resources.
2018-01-28 20:55:23,361 [Worker-59] INFO  o.e.m.c.i.embedder.EclipseLogger - skip non existing resourceDirectory C:\Users\SP\projects\springbootdemo\demo\src\test\resources
2018-01-28 21:00:38,382 [Worker-79] INFO  o.e.m.c.i.embedder.EclipseLogger - Using 'UTF-8' encoding to copy filtered resources.
2018-01-28 21:00:38,389 [Worker-79] INFO  o.e.m.c.i.embedder.EclipseLogger - Copying 1 resource
2018-01-28 21:00:38,400 [Worker-79] INFO  o.e.m.c.i.embedder.EclipseLogger - Copying 5 resources
2018-01-28 21:00:38,408 [Worker-79] INFO  o.e.m.c.i.embedder.EclipseLogger - Using 'UTF-8' encoding to copy filtered resources.
2018-01-28 21:00:38,410 [Worker-79] INFO  o.e.m.c.i.embedder.EclipseLogger - skip non existing resourceDirectory C:\Users\SP\projects\springbootdemo\demo\src\test\resources
2018-01-28 21:02:03,581 [Worker-75] INFO  o.e.m.c.i.embedder.EclipseLogger - Using 'UTF-8' encoding to copy filtered resources.
2018-01-28 21:02:03,588 [Worker-75] INFO  o.e.m.c.i.embedder.EclipseLogger - Copying 1 resource
2018-01-28 21:02:03,598 [Worker-75] INFO  o.e.m.c.i.embedder.EclipseLogger - Copying 5 resources
2018-01-28 21:02:03,606 [Worker-75] INFO  o.e.m.c.i.embedder.EclipseLogger - Using 'UTF-8' encoding to copy filtered resources.
2018-01-28 21:02:03,606 [Worker-75] INFO  o.e.m.c.i.embedder.EclipseLogger - skip non existing resourceDirectory C:\Users\SP\projects\springbootdemo\demo\src\test\resources
2018-01-28 21:03:26,539 [Worker-81] INFO  o.e.m.c.i.embedder.EclipseLogger - Using 'UTF-8' encoding to copy filtered resources.
2018-01-28 21:03:26,545 [Worker-81] INFO  o.e.m.c.i.embedder.EclipseLogger - Copying 1 resource
2018-01-28 21:03:26,555 [Worker-81] INFO  o.e.m.c.i.embedder.EclipseLogger - Copying 5 resources
2018-01-28 21:03:26,563 [Worker-81] INFO  o.e.m.c.i.embedder.EclipseLogger - Using 'UTF-8' encoding to copy filtered resources.
2018-01-28 21:03:26,564 [Worker-81] INFO  o.e.m.c.i.embedder.EclipseLogger - skip non existing resourceDirectory C:\Users\SP\projects\springbootdemo\demo\src\test\resources
2018-01-28 21:03:39,848 [Worker-77] INFO  o.e.m.c.i.embedder.EclipseLogger - Using 'UTF-8' encoding to copy filtered resources.
2018-01-28 21:03:39,850 [Worker-77] INFO  o.e.m.c.i.embedder.EclipseLogger - Copying 0 resource
2018-01-28 21:03:39,853 [Worker-77] INFO  o.e.m.c.i.embedder.EclipseLogger - Copying 1 resource
2018-01-28 21:03:39,873 [Worker-77] INFO  o.e.m.c.i.embedder.EclipseLogger - Using 'UTF-8' encoding to copy filtered resources.
2018-01-28 21:03:39,874 [Worker-77] INFO  o.e.m.c.i.embedder.EclipseLogger - skip non existing resourceDirectory C:\Users\SP\projects\springbootdemo\demo\src\test\resources
2018-01-28 21:04:55,272 [Worker-81] INFO  o.e.m.c.i.embedder.EclipseLogger - Using 'UTF-8' encoding to copy filtered resources.
2018-01-28 21:04:55,274 [Worker-81] INFO  o.e.m.c.i.embedder.EclipseLogger - Copying 0 resource
2018-01-28 21:04:55,276 [Worker-81] INFO  o.e.m.c.i.embedder.EclipseLogger - Copying 1 resource
2018-01-28 21:04:55,291 [Worker-81] INFO  o.e.m.c.i.embedder.EclipseLogger - Using 'UTF-8' encoding to copy filtered resources.
2018-01-28 21:04:55,292 [Worker-81] INFO  o.e.m.c.i.embedder.EclipseLogger - skip non existing resourceDirectory C:\Users\SP\projects\springbootdemo\demo\src\test\resources
